[2025-10-21T15:17:32.432+0000] {local_task_job_runner.py:120} INFO - ::group::Pre task execution logs
[2025-10-21T15:17:32.464+0000] {taskinstance.py:2076} INFO - Dependencies all met for dep_context=non-requeueable deps ti=<TaskInstance: airbnb_etl_pipeline.extract_airbnb_forsale manual__2025-10-21T15:17:30.921906+00:00 [queued]>
[2025-10-21T15:17:32.480+0000] {taskinstance.py:2076} INFO - Dependencies all met for dep_context=requeueable deps ti=<TaskInstance: airbnb_etl_pipeline.extract_airbnb_forsale manual__2025-10-21T15:17:30.921906+00:00 [queued]>
[2025-10-21T15:17:32.482+0000] {taskinstance.py:2306} INFO - Starting attempt 1 of 2
[2025-10-21T15:17:32.505+0000] {taskinstance.py:2330} INFO - Executing <Task(PythonOperator): extract_airbnb_forsale> on 2025-10-21 15:17:30.921906+00:00
[2025-10-21T15:17:32.515+0000] {standard_task_runner.py:63} INFO - Started process 197 to run task
[2025-10-21T15:17:32.518+0000] {standard_task_runner.py:90} INFO - Running: ['***', 'tasks', 'run', 'airbnb_etl_pipeline', 'extract_airbnb_forsale', 'manual__2025-10-21T15:17:30.921906+00:00', '--job-id', '9', '--raw', '--subdir', 'DAGS_FOLDER/airbnb_etl_dag.py', '--cfg-path', '/tmp/tmpyqrg0kis']
[2025-10-21T15:17:32.522+0000] {standard_task_runner.py:91} INFO - Job 9: Subtask extract_airbnb_forsale
[2025-10-21T15:17:32.618+0000] {task_command.py:426} INFO - Running <TaskInstance: airbnb_etl_pipeline.extract_airbnb_forsale manual__2025-10-21T15:17:30.921906+00:00 [running]> on host 5bfcc774b24c
[2025-10-21T15:17:32.789+0000] {taskinstance.py:2648} INFO - Exporting env vars: AIRFLOW_CTX_DAG_OWNER='***' AIRFLOW_CTX_DAG_ID='airbnb_etl_pipeline' AIRFLOW_CTX_TASK_ID='extract_airbnb_forsale' AIRFLOW_CTX_EXECUTION_DATE='2025-10-21T15:17:30.921906+00:00' AIRFLOW_CTX_TRY_NUMBER='1' AIRFLOW_CTX_DAG_RUN_ID='manual__2025-10-21T15:17:30.921906+00:00'
[2025-10-21T15:17:32.792+0000] {taskinstance.py:430} INFO - ::endgroup::
[2025-10-21T15:17:34.476+0000] {taskinstance.py:441} INFO - ::group::Post task execution logs
[2025-10-21T15:17:34.479+0000] {taskinstance.py:2905} ERROR - Task failed with exception
Traceback (most recent call last):
  File "/home/airflow/.local/lib/python3.11/site-packages/airflow/models/taskinstance.py", line 465, in _execute_task
    result = _execute_callable(context=context, **execute_callable_kwargs)
             ^^^^^^^^^^^^^^^^^^^^^^^^^^^^^^^^^^^^^^^^^^^^^^^^^^^^^^^^^^^^^
  File "/home/airflow/.local/lib/python3.11/site-packages/airflow/models/taskinstance.py", line 432, in _execute_callable
    return execute_callable(context=context, **execute_callable_kwargs)
           ^^^^^^^^^^^^^^^^^^^^^^^^^^^^^^^^^^^^^^^^^^^^^^^^^^^^^^^^^^^^
  File "/home/airflow/.local/lib/python3.11/site-packages/airflow/models/baseoperator.py", line 401, in wrapper
    return func(self, *args, **kwargs)
           ^^^^^^^^^^^^^^^^^^^^^^^^^^^
  File "/home/airflow/.local/lib/python3.11/site-packages/airflow/operators/python.py", line 235, in execute
    return_value = self.execute_callable()
                   ^^^^^^^^^^^^^^^^^^^^^^^
  File "/home/airflow/.local/lib/python3.11/site-packages/airflow/operators/python.py", line 252, in execute_callable
    return self.python_callable(*self.op_args, **self.op_kwargs)
           ^^^^^^^^^^^^^^^^^^^^^^^^^^^^^^^^^^^^^^^^^^^^^^^^^^^^^
  File "/opt/airflow/dags/airbnb_etl_dag.py", line 86, in extract_airbnb_forsale
    df.to_csv("/opt/airflow/data/airbnb_forsale_raw.csv", index=False)
  File "/home/airflow/.local/lib/python3.11/site-packages/pandas/core/generic.py", line 3902, in to_csv
    return DataFrameRenderer(formatter).to_csv(
           ^^^^^^^^^^^^^^^^^^^^^^^^^^^^^^^^^^^^
  File "/home/airflow/.local/lib/python3.11/site-packages/pandas/io/formats/format.py", line 1152, in to_csv
    csv_formatter.save()
  File "/home/airflow/.local/lib/python3.11/site-packages/pandas/io/formats/csvs.py", line 247, in save
    with get_handle(
         ^^^^^^^^^^^
  File "/home/airflow/.local/lib/python3.11/site-packages/pandas/io/common.py", line 739, in get_handle
    check_parent_directory(str(handle))
  File "/home/airflow/.local/lib/python3.11/site-packages/pandas/io/common.py", line 604, in check_parent_directory
    raise OSError(rf"Cannot save file into a non-existent directory: '{parent}'")
OSError: Cannot save file into a non-existent directory: '/opt/***/data'
[2025-10-21T15:17:34.524+0000] {taskinstance.py:1206} INFO - Marking task as UP_FOR_RETRY. dag_id=airbnb_etl_pipeline, task_id=extract_airbnb_forsale, run_id=manual__2025-10-21T15:17:30.921906+00:00, execution_date=20251021T151730, start_date=20251021T151732, end_date=20251021T151734
[2025-10-21T15:17:34.553+0000] {standard_task_runner.py:110} ERROR - Failed to execute job 9 for task extract_airbnb_forsale (Cannot save file into a non-existent directory: '/opt/***/data'; 197)
[2025-10-21T15:17:34.589+0000] {local_task_job_runner.py:240} INFO - Task exited with return code 1
[2025-10-21T15:17:34.709+0000] {taskinstance.py:3503} INFO - 0 downstream tasks scheduled from follow-on schedule check
[2025-10-21T15:17:34.726+0000] {local_task_job_runner.py:222} INFO - ::endgroup::
