[2025-10-21T19:33:01.475+0000] {local_task_job_runner.py:120} INFO - ::group::Pre task execution logs
[2025-10-21T19:33:01.571+0000] {taskinstance.py:2076} INFO - Dependencies all met for dep_context=non-requeueable deps ti=<TaskInstance: airbnb_etl_pipeline.transform_airbnb_listings manual__2025-10-21T19:20:31.904533+00:00 [queued]>
[2025-10-21T19:33:01.580+0000] {taskinstance.py:2076} INFO - Dependencies all met for dep_context=requeueable deps ti=<TaskInstance: airbnb_etl_pipeline.transform_airbnb_listings manual__2025-10-21T19:20:31.904533+00:00 [queued]>
[2025-10-21T19:33:01.581+0000] {taskinstance.py:2306} INFO - Starting attempt 1 of 2
[2025-10-21T19:33:01.601+0000] {taskinstance.py:2330} INFO - Executing <Task(PythonOperator): transform_airbnb_listings> on 2025-10-21 19:20:31.904533+00:00
[2025-10-21T19:33:01.610+0000] {standard_task_runner.py:63} INFO - Started process 329 to run task
[2025-10-21T19:33:01.616+0000] {standard_task_runner.py:90} INFO - Running: ['***', 'tasks', 'run', 'airbnb_etl_pipeline', 'transform_airbnb_listings', 'manual__2025-10-21T19:20:31.904533+00:00', '--job-id', '23', '--raw', '--subdir', 'DAGS_FOLDER/airbnb_etl_dag.py', '--cfg-path', '/tmp/tmp8m0tl8_u']
[2025-10-21T19:33:01.618+0000] {standard_task_runner.py:91} INFO - Job 23: Subtask transform_airbnb_listings
[2025-10-21T19:33:01.688+0000] {task_command.py:426} INFO - Running <TaskInstance: airbnb_etl_pipeline.transform_airbnb_listings manual__2025-10-21T19:20:31.904533+00:00 [running]> on host abb000c1ba76
[2025-10-21T19:33:01.818+0000] {taskinstance.py:2648} INFO - Exporting env vars: AIRFLOW_CTX_DAG_OWNER='***' AIRFLOW_CTX_DAG_ID='airbnb_etl_pipeline' AIRFLOW_CTX_TASK_ID='transform_airbnb_listings' AIRFLOW_CTX_EXECUTION_DATE='2025-10-21T19:20:31.904533+00:00' AIRFLOW_CTX_TRY_NUMBER='1' AIRFLOW_CTX_DAG_RUN_ID='manual__2025-10-21T19:20:31.904533+00:00'
[2025-10-21T19:33:01.819+0000] {taskinstance.py:430} INFO - ::endgroup::
[2025-10-21T19:33:01.847+0000] {taskinstance.py:441} INFO - ::group::Post task execution logs
[2025-10-21T19:33:01.853+0000] {taskinstance.py:2905} ERROR - Task failed with exception
Traceback (most recent call last):
  File "/home/airflow/.local/lib/python3.11/site-packages/airflow/models/taskinstance.py", line 465, in _execute_task
    result = _execute_callable(context=context, **execute_callable_kwargs)
             ^^^^^^^^^^^^^^^^^^^^^^^^^^^^^^^^^^^^^^^^^^^^^^^^^^^^^^^^^^^^^
  File "/home/airflow/.local/lib/python3.11/site-packages/airflow/models/taskinstance.py", line 432, in _execute_callable
    return execute_callable(context=context, **execute_callable_kwargs)
           ^^^^^^^^^^^^^^^^^^^^^^^^^^^^^^^^^^^^^^^^^^^^^^^^^^^^^^^^^^^^
  File "/home/airflow/.local/lib/python3.11/site-packages/airflow/models/baseoperator.py", line 401, in wrapper
    return func(self, *args, **kwargs)
           ^^^^^^^^^^^^^^^^^^^^^^^^^^^
  File "/home/airflow/.local/lib/python3.11/site-packages/airflow/operators/python.py", line 235, in execute
    return_value = self.execute_callable()
                   ^^^^^^^^^^^^^^^^^^^^^^^
  File "/home/airflow/.local/lib/python3.11/site-packages/airflow/operators/python.py", line 252, in execute_callable
    return self.python_callable(*self.op_args, **self.op_kwargs)
           ^^^^^^^^^^^^^^^^^^^^^^^^^^^^^^^^^^^^^^^^^^^^^^^^^^^^^
  File "/opt/airflow/scripts/etl_script.py", line 575, in transform1
    airdna_data = pd.json_normalize(all_listings)
                                    ^^^^^^^^^^^^
NameError: name 'all_listings' is not defined
[2025-10-21T19:33:01.914+0000] {taskinstance.py:1206} INFO - Marking task as UP_FOR_RETRY. dag_id=airbnb_etl_pipeline, task_id=transform_airbnb_listings, run_id=manual__2025-10-21T19:20:31.904533+00:00, execution_date=20251021T192031, start_date=20251021T193301, end_date=20251021T193301
[2025-10-21T19:33:01.957+0000] {standard_task_runner.py:110} ERROR - Failed to execute job 23 for task transform_airbnb_listings (name 'all_listings' is not defined; 329)
[2025-10-21T19:33:01.994+0000] {local_task_job_runner.py:240} INFO - Task exited with return code 1
[2025-10-21T19:33:02.048+0000] {taskinstance.py:3503} INFO - 0 downstream tasks scheduled from follow-on schedule check
[2025-10-21T19:33:02.053+0000] {local_task_job_runner.py:222} INFO - ::endgroup::
