[2025-10-21T19:36:03.352+0000] {local_task_job_runner.py:120} INFO - ::group::Pre task execution logs
[2025-10-21T19:36:03.374+0000] {taskinstance.py:2076} INFO - Dependencies all met for dep_context=non-requeueable deps ti=<TaskInstance: airbnb_etl_pipeline.transform_airbnb_listings manual__2025-10-21T19:20:31.904533+00:00 [queued]>
[2025-10-21T19:36:03.380+0000] {taskinstance.py:2076} INFO - Dependencies all met for dep_context=requeueable deps ti=<TaskInstance: airbnb_etl_pipeline.transform_airbnb_listings manual__2025-10-21T19:20:31.904533+00:00 [queued]>
[2025-10-21T19:36:03.381+0000] {taskinstance.py:2306} INFO - Starting attempt 2 of 2
[2025-10-21T19:36:03.390+0000] {taskinstance.py:2330} INFO - Executing <Task(PythonOperator): transform_airbnb_listings> on 2025-10-21 19:20:31.904533+00:00
[2025-10-21T19:36:03.395+0000] {standard_task_runner.py:63} INFO - Started process 364 to run task
[2025-10-21T19:36:03.399+0000] {standard_task_runner.py:90} INFO - Running: ['***', 'tasks', 'run', 'airbnb_etl_pipeline', 'transform_airbnb_listings', 'manual__2025-10-21T19:20:31.904533+00:00', '--job-id', '24', '--raw', '--subdir', 'DAGS_FOLDER/airbnb_etl_dag.py', '--cfg-path', '/tmp/tmpq89v97rx']
[2025-10-21T19:36:03.402+0000] {standard_task_runner.py:91} INFO - Job 24: Subtask transform_airbnb_listings
[2025-10-21T19:36:03.450+0000] {task_command.py:426} INFO - Running <TaskInstance: airbnb_etl_pipeline.transform_airbnb_listings manual__2025-10-21T19:20:31.904533+00:00 [running]> on host abb000c1ba76
[2025-10-21T19:36:03.536+0000] {taskinstance.py:2648} INFO - Exporting env vars: AIRFLOW_CTX_DAG_OWNER='***' AIRFLOW_CTX_DAG_ID='airbnb_etl_pipeline' AIRFLOW_CTX_TASK_ID='transform_airbnb_listings' AIRFLOW_CTX_EXECUTION_DATE='2025-10-21T19:20:31.904533+00:00' AIRFLOW_CTX_TRY_NUMBER='2' AIRFLOW_CTX_DAG_RUN_ID='manual__2025-10-21T19:20:31.904533+00:00'
[2025-10-21T19:36:03.537+0000] {taskinstance.py:430} INFO - ::endgroup::
[2025-10-21T19:36:03.547+0000] {taskinstance.py:441} INFO - ::group::Post task execution logs
[2025-10-21T19:36:03.549+0000] {taskinstance.py:2905} ERROR - Task failed with exception
Traceback (most recent call last):
  File "/home/airflow/.local/lib/python3.11/site-packages/airflow/models/taskinstance.py", line 465, in _execute_task
    result = _execute_callable(context=context, **execute_callable_kwargs)
             ^^^^^^^^^^^^^^^^^^^^^^^^^^^^^^^^^^^^^^^^^^^^^^^^^^^^^^^^^^^^^
  File "/home/airflow/.local/lib/python3.11/site-packages/airflow/models/taskinstance.py", line 432, in _execute_callable
    return execute_callable(context=context, **execute_callable_kwargs)
           ^^^^^^^^^^^^^^^^^^^^^^^^^^^^^^^^^^^^^^^^^^^^^^^^^^^^^^^^^^^^
  File "/home/airflow/.local/lib/python3.11/site-packages/airflow/models/baseoperator.py", line 401, in wrapper
    return func(self, *args, **kwargs)
           ^^^^^^^^^^^^^^^^^^^^^^^^^^^
  File "/home/airflow/.local/lib/python3.11/site-packages/airflow/operators/python.py", line 235, in execute
    return_value = self.execute_callable()
                   ^^^^^^^^^^^^^^^^^^^^^^^
  File "/home/airflow/.local/lib/python3.11/site-packages/airflow/operators/python.py", line 252, in execute_callable
    return self.python_callable(*self.op_args, **self.op_kwargs)
           ^^^^^^^^^^^^^^^^^^^^^^^^^^^^^^^^^^^^^^^^^^^^^^^^^^^^^
  File "/opt/airflow/scripts/etl_script.py", line 575, in transform1
    airdna_data = pd.json_normalize(all_listings)
                                    ^^^^^^^^^^^^
NameError: name 'all_listings' is not defined
[2025-10-21T19:36:03.590+0000] {taskinstance.py:1206} INFO - Marking task as FAILED. dag_id=airbnb_etl_pipeline, task_id=transform_airbnb_listings, run_id=manual__2025-10-21T19:20:31.904533+00:00, execution_date=20251021T192031, start_date=20251021T193603, end_date=20251021T193603
[2025-10-21T19:36:03.609+0000] {standard_task_runner.py:110} ERROR - Failed to execute job 24 for task transform_airbnb_listings (name 'all_listings' is not defined; 364)
[2025-10-21T19:36:03.653+0000] {local_task_job_runner.py:240} INFO - Task exited with return code 1
[2025-10-21T19:36:03.692+0000] {taskinstance.py:3503} INFO - 0 downstream tasks scheduled from follow-on schedule check
[2025-10-21T19:36:03.701+0000] {local_task_job_runner.py:222} INFO - ::endgroup::
