[2025-10-21T17:45:46.527+0000] {local_task_job_runner.py:120} INFO - ::group::Pre task execution logs
[2025-10-21T17:45:46.551+0000] {taskinstance.py:2076} INFO - Dependencies all met for dep_context=non-requeueable deps ti=<TaskInstance: airbnb_etl_pipeline.extract_airbnb_forsale manual__2025-10-21T17:45:45.179461+00:00 [queued]>
[2025-10-21T17:45:46.566+0000] {taskinstance.py:2076} INFO - Dependencies all met for dep_context=requeueable deps ti=<TaskInstance: airbnb_etl_pipeline.extract_airbnb_forsale manual__2025-10-21T17:45:45.179461+00:00 [queued]>
[2025-10-21T17:45:46.567+0000] {taskinstance.py:2306} INFO - Starting attempt 1 of 2
[2025-10-21T17:45:46.582+0000] {taskinstance.py:2330} INFO - Executing <Task(PythonOperator): extract_airbnb_forsale> on 2025-10-21 17:45:45.179461+00:00
[2025-10-21T17:45:46.591+0000] {standard_task_runner.py:63} INFO - Started process 217 to run task
[2025-10-21T17:45:46.595+0000] {standard_task_runner.py:90} INFO - Running: ['***', 'tasks', 'run', 'airbnb_etl_pipeline', 'extract_airbnb_forsale', 'manual__2025-10-21T17:45:45.179461+00:00', '--job-id', '15', '--raw', '--subdir', 'DAGS_FOLDER/airbnb_etl_dag.py', '--cfg-path', '/tmp/tmpt6scvs38']
[2025-10-21T17:45:46.598+0000] {standard_task_runner.py:91} INFO - Job 15: Subtask extract_airbnb_forsale
[2025-10-21T17:45:46.674+0000] {task_command.py:426} INFO - Running <TaskInstance: airbnb_etl_pipeline.extract_airbnb_forsale manual__2025-10-21T17:45:45.179461+00:00 [running]> on host 7b5c622c061b
[2025-10-21T17:45:46.769+0000] {taskinstance.py:2648} INFO - Exporting env vars: AIRFLOW_CTX_DAG_OWNER='***' AIRFLOW_CTX_DAG_ID='airbnb_etl_pipeline' AIRFLOW_CTX_TASK_ID='extract_airbnb_forsale' AIRFLOW_CTX_EXECUTION_DATE='2025-10-21T17:45:45.179461+00:00' AIRFLOW_CTX_TRY_NUMBER='1' AIRFLOW_CTX_DAG_RUN_ID='manual__2025-10-21T17:45:45.179461+00:00'
[2025-10-21T17:45:46.772+0000] {taskinstance.py:430} INFO - ::endgroup::
[2025-10-21T17:45:46.785+0000] {logging_mixin.py:188} INFO - Fetching: Orlando, Florida
[2025-10-21T17:45:49.618+0000] {logging_mixin.py:188} INFO - Fetching: Miami, Florida
[2025-10-21T17:45:51.966+0000] {logging_mixin.py:188} INFO - Fetching: Key West, Florida
[2025-10-21T17:45:53.315+0000] {logging_mixin.py:188} INFO - Fetching: St. Augustine, Florida
[2025-10-21T17:45:55.640+0000] {logging_mixin.py:188} INFO - Fetching: Tampa, Florida
[2025-10-21T17:45:57.112+0000] {logging_mixin.py:188} INFO - Fetching: Clearwater, Florida
[2025-10-21T17:45:59.733+0000] {logging_mixin.py:188} INFO - Fetching: Kissimmee, Florida
[2025-10-21T17:46:01.150+0000] {logging_mixin.py:188} INFO - Fetching: Ft. Walton Beach , FloridaAustin, Texas
[2025-10-21T17:46:02.559+0000] {logging_mixin.py:188} INFO - Fetching: San Antonio, Texas
[2025-10-21T17:46:03.898+0000] {logging_mixin.py:188} INFO - Fetching: Galveston, Texas
[2025-10-21T17:46:05.326+0000] {logging_mixin.py:188} INFO - Fetching: Wilmington, North Carolina
[2025-10-21T17:46:06.773+0000] {logging_mixin.py:188} INFO - Fetching: Boone, North Carolina
[2025-10-21T17:46:08.164+0000] {logging_mixin.py:188} INFO - Fetching: Lake Norman, North Carolina
[2025-10-21T17:46:09.599+0000] {logging_mixin.py:188} INFO - Fetching: Cleveland, Georgia
[2025-10-21T17:46:11.088+0000] {logging_mixin.py:188} INFO - Fetching: Helen, Georgia
[2025-10-21T17:46:12.440+0000] {logging_mixin.py:188} INFO - Fetching: Columbus, Georgia
[2025-10-21T17:46:13.838+0000] {logging_mixin.py:188} INFO - Fetching: Virgina Beach, Virgina
[2025-10-21T17:46:15.242+0000] {logging_mixin.py:188} INFO - Fetching: Washington, D.C
[2025-10-21T17:46:16.694+0000] {logging_mixin.py:188} INFO - Fetching: Traverse City, Michigan
[2025-10-21T17:46:18.057+0000] {logging_mixin.py:188} INFO - Fetching: Ann Arbor, Michigan
[2025-10-21T17:46:19.451+0000] {logging_mixin.py:188} INFO - Fetching: Grand Rapids, Michigan
[2025-10-21T17:46:20.822+0000] {logging_mixin.py:188} INFO - Fetching: Jacksonville, Florida
[2025-10-21T17:46:22.222+0000] {logging_mixin.py:188} INFO - Fetching: Tallahassee, Florida
[2025-10-21T17:46:23.732+0000] {logging_mixin.py:188} INFO - Fetching: Gainesville, Florida
[2025-10-21T17:46:25.090+0000] {logging_mixin.py:188} INFO - Fetching: Ocala, Florida
[2025-10-21T17:46:26.570+0000] {logging_mixin.py:188} INFO - Fetching: Daytona Beach, Florida
[2025-10-21T17:46:27.995+0000] {logging_mixin.py:188} INFO - Fetching: Fort Lauderdale, Florida
[2025-10-21T17:46:39.100+0000] {logging_mixin.py:188} INFO - Fetching: West Palm Beach, Florida
[2025-10-21T17:46:40.482+0000] {logging_mixin.py:188} INFO - Fetching: Naples, Florida
[2025-10-21T17:46:41.913+0000] {logging_mixin.py:188} INFO - Fetching: Fort Myers, Florida
[2025-10-21T17:46:43.370+0000] {logging_mixin.py:188} INFO - Fetching: Sarasota, Florida
[2025-10-21T17:46:44.806+0000] {logging_mixin.py:188} INFO - Fetching: Pensacola, Florida
[2025-10-21T17:46:46.460+0000] {logging_mixin.py:188} INFO - Fetching: Destin, Florida
[2025-10-21T17:46:47.833+0000] {logging_mixin.py:188} INFO - Fetching: Panama City Beach, Florida
[2025-10-21T17:46:49.229+0000] {logging_mixin.py:188} INFO - Fetching: St. Petersburg, Florida
[2025-10-21T17:46:50.643+0000] {logging_mixin.py:188} INFO - Fetching: Port St. Lucie, Florida
[2025-10-21T17:46:52.089+0000] {logging_mixin.py:188} INFO - Fetching: Detroit, Michigan
[2025-10-21T17:46:53.567+0000] {logging_mixin.py:188} INFO - Fetching: Lansing, Michigan
[2025-10-21T17:46:54.975+0000] {logging_mixin.py:188} INFO - Fetching: Flint, Michigan
[2025-10-21T17:46:56.348+0000] {logging_mixin.py:188} INFO - Fetching: Kalamazoo, Michigan
[2025-10-21T17:46:57.665+0000] {logging_mixin.py:188} INFO - Fetching: Battle Creek, Michigan
[2025-10-21T17:46:59.081+0000] {logging_mixin.py:188} INFO - Fetching: Muskegon, Michigan
[2025-10-21T17:47:00.454+0000] {logging_mixin.py:188} INFO - Fetching: Holland, Michigan
[2025-10-21T17:47:01.828+0000] {logging_mixin.py:188} INFO - Fetching: Marquette, Michigan
[2025-10-21T17:47:03.215+0000] {logging_mixin.py:188} INFO - Fetching: Petoskey, Michigan
[2025-10-21T17:47:04.667+0000] {logging_mixin.py:188} INFO - Fetching: Bay City, Michigan
[2025-10-21T17:47:06.101+0000] {logging_mixin.py:188} INFO - Fetching: Atlanta, Georgia
[2025-10-21T17:47:07.501+0000] {logging_mixin.py:188} INFO - Fetching: Augusta, Georgia
[2025-10-21T17:47:08.848+0000] {logging_mixin.py:188} INFO - Fetching: Savannah, Georgia
[2025-10-21T17:47:10.235+0000] {logging_mixin.py:188} INFO - Fetching: Macon, Georgia
[2025-10-21T17:47:11.604+0000] {logging_mixin.py:188} INFO - Fetching: Albany, Georgia
[2025-10-21T17:47:12.933+0000] {logging_mixin.py:188} INFO - Fetching: Valdosta, Georgia
[2025-10-21T17:47:14.376+0000] {logging_mixin.py:188} INFO - Fetching: Athens, Georgia
[2025-10-21T17:47:15.781+0000] {logging_mixin.py:188} INFO - Fetching: Marietta, Georgia
[2025-10-21T17:47:17.179+0000] {logging_mixin.py:188} INFO - Fetching: Roswell, Georgia
[2025-10-21T17:47:18.585+0000] {logging_mixin.py:188} INFO - Fetching: Dalton, Georgia
[2025-10-21T17:47:19.965+0000] {logging_mixin.py:188} INFO - Fetching: Charlotte, North Carolina
[2025-10-21T17:47:21.388+0000] {logging_mixin.py:188} INFO - Fetching: Raleigh, North Carolina
[2025-10-21T17:47:22.758+0000] {logging_mixin.py:188} INFO - Fetching: Durham, North Carolina
[2025-10-21T17:47:24.159+0000] {logging_mixin.py:188} INFO - Fetching: Greensboro, North Carolina
[2025-10-21T17:47:25.516+0000] {logging_mixin.py:188} INFO - Fetching: Asheville, North Carolina
[2025-10-21T17:47:26.833+0000] {logging_mixin.py:188} INFO - Fetching: Winston-Salem, North Carolina
[2025-10-21T17:47:28.194+0000] {logging_mixin.py:188} INFO - Fetching: Chapel Hill, North Carolina
[2025-10-21T17:47:29.588+0000] {logging_mixin.py:188} INFO - Fetching: Cary, North Carolina
[2025-10-21T17:47:30.948+0000] {logging_mixin.py:188} INFO - Fetching: Hickory, North Carolina
[2025-10-21T17:47:32.350+0000] {logging_mixin.py:188} INFO - Fetching: Fayetteville, North Carolina
[2025-10-21T17:47:33.744+0000] {logging_mixin.py:188} INFO - Fetching: Houston, Texas
[2025-10-21T17:47:35.164+0000] {logging_mixin.py:188} INFO - Fetching: Dallas, Texas
[2025-10-21T17:47:36.525+0000] {logging_mixin.py:188} INFO - Fetching: Fort Worth, Texas
[2025-10-21T17:47:37.910+0000] {logging_mixin.py:188} INFO - Fetching: El Paso, Texas
[2025-10-21T17:47:39.238+0000] {logging_mixin.py:188} INFO - Fetching: Lubbock, Texas
[2025-10-21T17:47:40.635+0000] {logging_mixin.py:188} INFO - Fetching: Corpus Christi, Texas
[2025-10-21T17:47:42.111+0000] {logging_mixin.py:188} INFO - Fetching: Amarillo, Texas
[2025-10-21T17:47:43.592+0000] {logging_mixin.py:188} INFO - Fetching: Waco, Texas
[2025-10-21T17:47:45.152+0000] {logging_mixin.py:188} INFO - Fetching: Plano, Texas
[2025-10-21T17:47:46.658+0000] {logging_mixin.py:188} INFO - Fetching: Denton, Texas
[2025-10-21T17:47:48.109+0000] {logging_mixin.py:188} INFO - Fetching: Nashville, Tennessee
[2025-10-21T17:47:49.481+0000] {logging_mixin.py:188} INFO - Fetching: Memphis, Tennessee
[2025-10-21T17:47:50.824+0000] {logging_mixin.py:188} INFO - Fetching: Knoxville, Tennessee
[2025-10-21T17:47:52.247+0000] {logging_mixin.py:188} INFO - Fetching: Chattanooga, Tennessee
[2025-10-21T17:47:53.680+0000] {logging_mixin.py:188} INFO - Fetching: Gatlinburg, Tennessee
[2025-10-21T17:47:55.134+0000] {logging_mixin.py:188} INFO - Fetching: Pigeon Forge, Tennessee
[2025-10-21T17:47:56.534+0000] {logging_mixin.py:188} INFO - Fetching: Franklin, Tennessee
[2025-10-21T17:47:57.951+0000] {logging_mixin.py:188} INFO - Fetching: Murfreesboro, Tennessee
[2025-10-21T17:47:59.390+0000] {logging_mixin.py:188} INFO - Fetching: Clarksville, Tennessee
[2025-10-21T17:48:00.843+0000] {logging_mixin.py:188} INFO - Fetching: Johnson City, Tennessee
[2025-10-21T17:48:02.241+0000] {logging_mixin.py:188} INFO - Fetching: Chicago, Illinois
[2025-10-21T17:48:03.635+0000] {logging_mixin.py:188} INFO - Fetching: Springfield, Illinois
[2025-10-21T17:48:05.100+0000] {logging_mixin.py:188} INFO - Fetching: Peoria, Illinois
[2025-10-21T17:48:06.488+0000] {logging_mixin.py:188} INFO - Fetching: Rockford, Illinois
[2025-10-21T17:48:07.917+0000] {logging_mixin.py:188} INFO - Fetching: Champaign, Illinois
[2025-10-21T17:48:09.360+0000] {logging_mixin.py:188} INFO - Fetching: Bloomington, Illinois
[2025-10-21T17:48:10.842+0000] {logging_mixin.py:188} INFO - Fetching: Naperville, Illinois
[2025-10-21T17:48:12.307+0000] {logging_mixin.py:188} INFO - Fetching: Aurora, Illinois
[2025-10-21T17:48:13.689+0000] {logging_mixin.py:188} INFO - Fetching: Decatur, Illinois
[2025-10-21T17:48:15.081+0000] {logging_mixin.py:188} INFO - Fetching: Joliet, Illinois
[2025-10-21T17:48:16.450+0000] {logging_mixin.py:188} INFO - Fetching: Phoenix, Arizona
[2025-10-21T17:48:18.574+0000] {logging_mixin.py:188} INFO - Fetching: Tucson, Arizona
[2025-10-21T17:48:19.964+0000] {logging_mixin.py:188} INFO - Fetching: Mesa, Arizona
[2025-10-21T17:48:21.357+0000] {logging_mixin.py:188} INFO - Fetching: Scottsdale, Arizona
[2025-10-21T17:48:22.789+0000] {logging_mixin.py:188} INFO - Fetching: Tempe, Arizona
[2025-10-21T17:48:24.188+0000] {logging_mixin.py:188} INFO - Fetching: Flagstaff, Arizona
[2025-10-21T17:48:25.593+0000] {logging_mixin.py:188} INFO - Fetching: Sedona, Arizona
[2025-10-21T17:48:27.036+0000] {logging_mixin.py:188} INFO - Fetching: Prescott, Arizona
[2025-10-21T17:48:28.412+0000] {logging_mixin.py:188} INFO - Fetching: Yuma, Arizona
[2025-10-21T17:48:29.817+0000] {logging_mixin.py:188} INFO - Fetching: Glendale, Arizona
[2025-10-21T17:48:31.217+0000] {logging_mixin.py:188} INFO - Fetching: Salt Lake City, Utah
[2025-10-21T17:48:32.698+0000] {logging_mixin.py:188} INFO - Fetching: Provo, Utah
[2025-10-21T17:48:34.131+0000] {logging_mixin.py:188} INFO - Fetching: Ogden, Utah
[2025-10-21T17:48:35.475+0000] {logging_mixin.py:188} INFO - Fetching: Park City, Utah
[2025-10-21T17:48:37.073+0000] {logging_mixin.py:188} INFO - Fetching: St. George, Utah
[2025-10-21T17:48:38.466+0000] {logging_mixin.py:188} INFO - Fetching: Logan, Utah
[2025-10-21T17:48:39.938+0000] {logging_mixin.py:188} INFO - Fetching: Orem, Utah
[2025-10-21T17:48:41.286+0000] {logging_mixin.py:188} INFO - Fetching: Moab, Utah
[2025-10-21T17:48:42.668+0000] {logging_mixin.py:188} INFO - Fetching: Sandy, Utah
[2025-10-21T17:48:44.029+0000] {logging_mixin.py:188} INFO - Fetching: Layton, Utah
[2025-10-21T17:48:45.340+0000] {logging_mixin.py:188} INFO - Fetching: Portland, Oregon
[2025-10-21T17:48:46.698+0000] {logging_mixin.py:188} INFO - Fetching: Eugene, Oregon
[2025-10-21T17:48:48.172+0000] {logging_mixin.py:188} INFO - Fetching: Salem, Oregon
[2025-10-21T17:48:49.544+0000] {logging_mixin.py:188} INFO - Fetching: Bend, Oregon
[2025-10-21T17:48:50.982+0000] {logging_mixin.py:188} INFO - Fetching: Medford, Oregon
[2025-10-21T17:48:52.360+0000] {logging_mixin.py:188} INFO - Fetching: Corvallis, Oregon
[2025-10-21T17:48:53.745+0000] {logging_mixin.py:188} INFO - Fetching: Ashland, Oregon
[2025-10-21T17:48:55.110+0000] {logging_mixin.py:188} INFO - Fetching: Hillsboro, Oregon
[2025-10-21T17:48:56.459+0000] {logging_mixin.py:188} INFO - Fetching: Gresham, Oregon
[2025-10-21T17:48:57.900+0000] {logging_mixin.py:188} INFO - Fetching: Beaverton, Oregon
[2025-10-21T17:48:59.332+0000] {logging_mixin.py:188} INFO - Fetching: Billings, Montana
[2025-10-21T17:49:00.744+0000] {logging_mixin.py:188} INFO - Fetching: Missoula, Montana
[2025-10-21T17:49:02.148+0000] {logging_mixin.py:188} INFO - Fetching: Bozeman, Montana
[2025-10-21T17:49:03.646+0000] {logging_mixin.py:188} INFO - Fetching: Helena, Montana
[2025-10-21T17:49:05.117+0000] {logging_mixin.py:188} INFO - Fetching: Great Falls, Montana
[2025-10-21T17:49:06.537+0000] {logging_mixin.py:188} INFO - Fetching: Kalispell, Montana
[2025-10-21T17:49:07.951+0000] {logging_mixin.py:188} INFO - Fetching: Butte, Montana
[2025-10-21T17:49:09.452+0000] {logging_mixin.py:188} INFO - Fetching: Whitefish, Montana
[2025-10-21T17:49:10.861+0000] {logging_mixin.py:188} INFO - Fetching: Livingston, Montana
[2025-10-21T17:49:12.257+0000] {logging_mixin.py:188} INFO - Fetching: Big Sky, Montana
[2025-10-21T17:49:13.650+0000] {logging_mixin.py:188} INFO - Fetching: Las Vegas, Nevada
[2025-10-21T17:49:24.046+0000] {logging_mixin.py:188} INFO - Error fetching Las Vegas, Nevada: Expecting value: line 1 column 1 (char 0)
[2025-10-21T17:49:24.049+0000] {logging_mixin.py:188} INFO - Fetching: Reno, Nevada
[2025-10-21T17:49:25.429+0000] {logging_mixin.py:188} INFO - Fetching: Carson City, Nevada
[2025-10-21T17:49:26.820+0000] {logging_mixin.py:188} INFO - Fetching: Henderson, Nevada
[2025-10-21T17:49:28.173+0000] {logging_mixin.py:188} INFO - Fetching: North Las Vegas, Nevada
[2025-10-21T17:49:29.563+0000] {logging_mixin.py:188} INFO - Fetching: Elko, Nevada
[2025-10-21T17:49:30.979+0000] {logging_mixin.py:188} INFO - Fetching: Mesquite, Nevada
[2025-10-21T17:49:32.383+0000] {logging_mixin.py:188} INFO - Fetching: Sparks, Nevada
[2025-10-21T17:49:33.803+0000] {logging_mixin.py:188} INFO - Fetching: Pahrump, Nevada
[2025-10-21T17:49:35.229+0000] {logging_mixin.py:188} INFO - Fetching: Boulder City, Nevada
[2025-10-21T17:49:36.764+0000] {logging_mixin.py:188} INFO - Fetching: Charleston, West Virginia
[2025-10-21T17:49:38.251+0000] {logging_mixin.py:188} INFO - Fetching: Morgantown, West Virginia
[2025-10-21T17:49:39.693+0000] {logging_mixin.py:188} INFO - Fetching: Huntington, West Virginia
[2025-10-21T17:49:56.515+0000] {logging_mixin.py:188} INFO - Fetching: Wheeling, West Virginia
[2025-10-21T17:49:57.983+0000] {logging_mixin.py:188} INFO - Fetching: Beckley, West Virginia
[2025-10-21T17:50:05.023+0000] {logging_mixin.py:188} INFO - Fetching: Fairmont, West Virginia
[2025-10-21T17:50:07.285+0000] {logging_mixin.py:188} INFO - Fetching: Parkersburg, West Virginia
[2025-10-21T17:50:08.700+0000] {logging_mixin.py:188} INFO - Fetching: Martinsburg, West Virginia
[2025-10-21T17:50:10.064+0000] {logging_mixin.py:188} INFO - Fetching: Bluefield, West Virginia
[2025-10-21T17:50:11.666+0000] {logging_mixin.py:188} INFO - Fetching: Clarksburg, West Virginia
[2025-10-21T17:50:13.027+0000] {logging_mixin.py:188} INFO - Fetching: Cheyenne, Wyoming
[2025-10-21T17:50:14.463+0000] {logging_mixin.py:188} INFO - Fetching: Casper, Wyoming
[2025-10-21T17:50:15.854+0000] {logging_mixin.py:188} INFO - Fetching: Jackson, Wyoming
[2025-10-21T17:50:17.293+0000] {logging_mixin.py:188} INFO - Fetching: Laramie, Wyoming
[2025-10-21T17:50:18.739+0000] {logging_mixin.py:188} INFO - Fetching: Rock Springs, Wyoming
[2025-10-21T17:50:20.125+0000] {logging_mixin.py:188} INFO - Fetching: Gillette, Wyoming
[2025-10-21T17:50:37.363+0000] {logging_mixin.py:188} INFO - Fetching: Sheridan, Wyoming
[2025-10-21T17:50:38.778+0000] {logging_mixin.py:188} INFO - Fetching: Cody, Wyoming
[2025-10-21T17:50:40.221+0000] {logging_mixin.py:188} INFO - Fetching: Riverton, Wyoming
[2025-10-21T17:50:41.598+0000] {logging_mixin.py:188} INFO - Fetching: Evanston, Wyoming
[2025-10-21T17:50:43.417+0000] {logging_mixin.py:188} INFO - Fetching: Sioux Falls, South Dakota
[2025-10-21T17:50:54.420+0000] {logging_mixin.py:188} INFO - Fetching: Rapid City, South Dakota
[2025-10-21T17:50:55.844+0000] {logging_mixin.py:188} INFO - Fetching: Brookings, South Dakota
[2025-10-21T17:50:57.260+0000] {logging_mixin.py:188} INFO - Fetching: Aberdeen, South Dakota
[2025-10-21T17:51:07.835+0000] {logging_mixin.py:188} INFO - Error fetching Aberdeen, South Dakota: Expecting value: line 1 column 1 (char 0)
[2025-10-21T17:51:07.838+0000] {logging_mixin.py:188} INFO - Fetching: Watertown, South Dakota
[2025-10-21T17:51:09.298+0000] {logging_mixin.py:188} INFO - Fetching: Mitchell, South Dakota
[2025-10-21T17:51:10.708+0000] {logging_mixin.py:188} INFO - Fetching: Spearfish, South Dakota
[2025-10-21T17:51:26.679+0000] {logging_mixin.py:188} INFO - Fetching: Vermillion, South Dakota
[2025-10-21T17:51:28.200+0000] {logging_mixin.py:188} INFO - Fetching: Pierre, South Dakota
[2025-10-21T17:51:29.598+0000] {logging_mixin.py:188} INFO - Fetching: Huron, South Dakota
[2025-10-21T17:51:30.951+0000] {logging_mixin.py:188} INFO - Fetching: Fargo, North Dakota
[2025-10-21T17:51:32.346+0000] {logging_mixin.py:188} INFO - Fetching: Bismarck, North Dakota
[2025-10-21T17:51:34.097+0000] {logging_mixin.py:188} INFO - Fetching: Grand Forks, North Dakota
[2025-10-21T17:51:35.861+0000] {logging_mixin.py:188} INFO - Fetching: Minot, North Dakota
[2025-10-21T17:51:37.262+0000] {logging_mixin.py:188} INFO - Fetching: Dickinson, North Dakota
[2025-10-21T17:51:38.590+0000] {logging_mixin.py:188} INFO - Fetching: Williston, North Dakota
[2025-10-21T17:51:39.988+0000] {logging_mixin.py:188} INFO - Fetching: Wahpeton, North Dakota
[2025-10-21T17:51:41.366+0000] {logging_mixin.py:188} INFO - Fetching: Jamestown, North Dakota
[2025-10-21T17:52:11.716+0000] {logging_mixin.py:188} INFO - Error fetching Jamestown, North Dakota: HTTPSConnectionPool(host='airdna1.p.rapidapi.com', port=443): Read timed out. (read timeout=30)
[2025-10-21T17:52:11.717+0000] {logging_mixin.py:188} INFO - Fetching: West Fargo, North Dakota
[2025-10-21T17:52:13.478+0000] {logging_mixin.py:188} INFO - Fetching: Devils Lake, North Dakota
[2025-10-21T17:52:14.889+0000] {logging_mixin.py:188} INFO - Fetching: Charleston, South Carolina
[2025-10-21T17:52:16.258+0000] {logging_mixin.py:188} INFO - Fetching: Columbia, South Carolina
[2025-10-21T17:52:17.643+0000] {logging_mixin.py:188} INFO - Fetching: Greenville, South Carolina
[2025-10-21T17:52:19.095+0000] {logging_mixin.py:188} INFO - Fetching: Myrtle Beach, South Carolina
[2025-10-21T17:52:20.536+0000] {logging_mixin.py:188} INFO - Fetching: Spartanburg, South Carolina
[2025-10-21T17:52:21.967+0000] {logging_mixin.py:188} INFO - Fetching: Florence, South Carolina
[2025-10-21T17:52:23.435+0000] {logging_mixin.py:188} INFO - Fetching: Beaufort, South Carolina
[2025-10-21T17:52:24.903+0000] {logging_mixin.py:188} INFO - Fetching: Sumter, South Carolina
[2025-10-21T17:52:26.263+0000] {logging_mixin.py:188} INFO - Fetching: Rock Hill, South Carolina
[2025-10-21T17:52:27.640+0000] {logging_mixin.py:188} INFO - Fetching: Anderson, South Carolina
[2025-10-21T17:52:29.012+0000] {logging_mixin.py:188} INFO - Fetching: Albuquerque, New Mexico
[2025-10-21T17:52:30.439+0000] {logging_mixin.py:188} INFO - Fetching: Santa Fe, New Mexico
[2025-10-21T17:52:31.910+0000] {logging_mixin.py:188} INFO - Fetching: Las Cruces, New Mexico
[2025-10-21T17:52:33.300+0000] {logging_mixin.py:188} INFO - Fetching: Roswell, New Mexico
[2025-10-21T17:52:34.688+0000] {logging_mixin.py:188} INFO - Fetching: Farmington, New Mexico
[2025-10-21T17:52:36.149+0000] {logging_mixin.py:188} INFO - Fetching: Taos, New Mexico
[2025-10-21T17:52:37.550+0000] {logging_mixin.py:188} INFO - Fetching: Rio Rancho, New Mexico
[2025-10-21T17:52:38.971+0000] {logging_mixin.py:188} INFO - Fetching: Carlsbad, New Mexico
[2025-10-21T17:52:40.368+0000] {logging_mixin.py:188} INFO - Fetching: Gallup, New Mexico
[2025-10-21T17:52:41.773+0000] {logging_mixin.py:188} INFO - Fetching: Ruidoso, New Mexico
[2025-10-21T17:52:43.325+0000] {logging_mixin.py:188} INFO - Fetching: Philadelphia, Pennsylvania
[2025-10-21T17:52:44.726+0000] {logging_mixin.py:188} INFO - Fetching: Pittsburgh, Pennsylvania
[2025-10-21T17:52:46.094+0000] {logging_mixin.py:188} INFO - Fetching: Harrisburg, Pennsylvania
[2025-10-21T17:52:47.592+0000] {logging_mixin.py:188} INFO - Fetching: Allentown, Pennsylvania
[2025-10-21T17:52:48.972+0000] {logging_mixin.py:188} INFO - Fetching: Erie, Pennsylvania
[2025-10-21T17:52:50.352+0000] {logging_mixin.py:188} INFO - Fetching: Scranton, Pennsylvania
[2025-10-21T17:52:51.919+0000] {logging_mixin.py:188} INFO - Fetching: Lancaster, Pennsylvania
[2025-10-21T17:52:53.298+0000] {logging_mixin.py:188} INFO - Fetching: Bethlehem, Pennsylvania
[2025-10-21T17:52:54.679+0000] {logging_mixin.py:188} INFO - Fetching: York, Pennsylvania
[2025-10-21T17:52:56.077+0000] {logging_mixin.py:188} INFO - Fetching: State College, Pennsylvania
[2025-10-21T17:52:57.435+0000] {logging_mixin.py:188} INFO - Fetching: Oklahoma City, Oklahoma
[2025-10-21T17:52:58.912+0000] {logging_mixin.py:188} INFO - Fetching: Tulsa, Oklahoma
[2025-10-21T17:53:00.310+0000] {logging_mixin.py:188} INFO - Fetching: Norman, Oklahoma
[2025-10-21T17:53:01.695+0000] {logging_mixin.py:188} INFO - Fetching: Stillwater, Oklahoma
[2025-10-21T17:53:03.057+0000] {logging_mixin.py:188} INFO - Fetching: Edmond, Oklahoma
[2025-10-21T17:53:04.560+0000] {logging_mixin.py:188} INFO - Fetching: Lawton, Oklahoma
[2025-10-21T17:53:05.989+0000] {logging_mixin.py:188} INFO - Fetching: Broken Arrow, Oklahoma
[2025-10-21T17:53:07.411+0000] {logging_mixin.py:188} INFO - Fetching: Moore, Oklahoma
[2025-10-21T17:53:08.711+0000] {logging_mixin.py:188} INFO - Fetching: Enid, Oklahoma
[2025-10-21T17:53:10.094+0000] {logging_mixin.py:188} INFO - Fetching: Ardmore, Oklahoma
[2025-10-21T17:53:34.319+0000] {logging_mixin.py:188} INFO - Fetching: Newark, New Jersey
[2025-10-21T17:53:35.827+0000] {logging_mixin.py:188} INFO - Fetching: Jersey City, New Jersey
[2025-10-21T17:53:37.174+0000] {logging_mixin.py:188} INFO - Fetching: Atlantic City, New Jersey
[2025-10-21T17:53:38.620+0000] {logging_mixin.py:188} INFO - Fetching: Trenton, New Jersey
[2025-10-21T17:54:03.535+0000] {logging_mixin.py:188} INFO - Fetching: Paterson, New Jersey
[2025-10-21T17:54:04.960+0000] {logging_mixin.py:188} INFO - Fetching: Camden, New Jersey
[2025-10-21T17:54:06.465+0000] {logging_mixin.py:188} INFO - Fetching: Hoboken, New Jersey
[2025-10-21T17:54:07.879+0000] {logging_mixin.py:188} INFO - Fetching: Princeton, New Jersey
[2025-10-21T17:54:09.283+0000] {logging_mixin.py:188} INFO - Fetching: Middletown, New Jersey
[2025-10-21T17:54:10.681+0000] {logging_mixin.py:188} INFO - Fetching: Cherry Hill, New Jersey
[2025-10-21T17:54:12.020+0000] {logging_mixin.py:188} INFO - Fetching: Louisville, Kentucky
[2025-10-21T17:54:13.461+0000] {logging_mixin.py:188} INFO - Fetching: Lexington, Kentucky
[2025-10-21T17:54:14.856+0000] {logging_mixin.py:188} INFO - Fetching: Bowling Green, Kentucky
[2025-10-21T17:54:16.222+0000] {logging_mixin.py:188} INFO - Fetching: Owensboro, Kentucky
[2025-10-21T17:54:17.598+0000] {logging_mixin.py:188} INFO - Fetching: Frankfort, Kentucky
[2025-10-21T17:54:18.981+0000] {logging_mixin.py:188} INFO - Fetching: Paducah, Kentucky
[2025-10-21T17:54:20.387+0000] {logging_mixin.py:188} INFO - Fetching: Covington, Kentucky
[2025-10-21T17:54:21.864+0000] {logging_mixin.py:188} INFO - Fetching: Elizabethtown, Kentucky
[2025-10-21T17:54:23.229+0000] {logging_mixin.py:188} INFO - Fetching: Richmond, Kentucky
[2025-10-21T17:54:24.591+0000] {logging_mixin.py:188} INFO - Fetching: Hopkinsville, Kentucky
[2025-10-21T17:54:26.028+0000] {logging_mixin.py:188} INFO - Fetching: Wichita, Kansas
[2025-10-21T17:54:27.500+0000] {logging_mixin.py:188} INFO - Fetching: Topeka, Kansas
[2025-10-21T17:54:28.851+0000] {logging_mixin.py:188} INFO - Fetching: Kansas City, Kansas
[2025-10-21T17:54:30.325+0000] {logging_mixin.py:188} INFO - Fetching: Olathe, Kansas
[2025-10-21T17:54:31.957+0000] {logging_mixin.py:188} INFO - Fetching: Overland Park, Kansas
[2025-10-21T17:54:33.370+0000] {logging_mixin.py:188} INFO - Fetching: Lawrence, Kansas
[2025-10-21T17:54:34.867+0000] {logging_mixin.py:188} INFO - Fetching: Manhattan, Kansas
[2025-10-21T17:54:36.443+0000] {logging_mixin.py:188} INFO - Fetching: Hutchinson, Kansas
[2025-10-21T17:54:37.966+0000] {logging_mixin.py:188} INFO - Fetching: Salina, Kansas
[2025-10-21T17:54:39.422+0000] {logging_mixin.py:188} INFO - Fetching: Dodge City, Kansas
[2025-10-21T17:54:40.928+0000] {logging_mixin.py:188} INFO - Fetching: New Orleans, Louisiana
[2025-10-21T17:54:42.678+0000] {logging_mixin.py:188} INFO - Fetching: Baton Rouge, Louisiana
[2025-10-21T17:54:44.061+0000] {logging_mixin.py:188} INFO - Fetching: Shreveport, Louisiana
[2025-10-21T17:54:45.493+0000] {logging_mixin.py:188} INFO - Fetching: Lafayette, Louisiana
[2025-10-21T17:54:46.908+0000] {logging_mixin.py:188} INFO - Fetching: Lake Charles, Louisiana
[2025-10-21T17:54:48.349+0000] {logging_mixin.py:188} INFO - Fetching: Monroe, Louisiana
[2025-10-21T17:54:49.809+0000] {logging_mixin.py:188} INFO - Fetching: Alexandria, Louisiana
[2025-10-21T17:54:51.282+0000] {logging_mixin.py:188} INFO - Fetching: Hammond, Louisiana
[2025-10-21T17:54:52.768+0000] {logging_mixin.py:188} INFO - Fetching: Natchitoches, Louisiana
[2025-10-21T17:54:54.171+0000] {logging_mixin.py:188} INFO - Fetching: Slidell, Louisiana
[2025-10-21T17:54:55.573+0000] {logging_mixin.py:188} INFO - Fetching: Portland, Maine
[2025-10-21T17:54:56.946+0000] {logging_mixin.py:188} INFO - Fetching: Augusta, Maine
[2025-10-21T17:54:58.326+0000] {logging_mixin.py:188} INFO - Fetching: Bangor, Maine
[2025-10-21T17:54:59.850+0000] {logging_mixin.py:188} INFO - Fetching: Bar Harbor, Maine
[2025-10-21T17:55:02.164+0000] {logging_mixin.py:188} INFO - Fetching: Brunswick, Maine
[2025-10-21T17:55:04.284+0000] {logging_mixin.py:188} INFO - Fetching: Lewiston, Maine
[2025-10-21T17:55:05.747+0000] {logging_mixin.py:188} INFO - Fetching: Auburn, Maine
[2025-10-21T17:55:07.138+0000] {logging_mixin.py:188} INFO - Fetching: Rockland, Maine
[2025-10-21T17:55:08.633+0000] {logging_mixin.py:188} INFO - Fetching: Camden, Maine
[2025-10-21T17:55:10.081+0000] {logging_mixin.py:188} INFO - Fetching: Kennebunkport, Maine
[2025-10-21T17:55:11.500+0000] {logging_mixin.py:188} INFO - Fetching: Baltimore, Maryland
[2025-10-21T17:55:12.829+0000] {logging_mixin.py:188} INFO - Fetching: Annapolis, Maryland
[2025-10-21T17:55:14.214+0000] {logging_mixin.py:188} INFO - Fetching: Frederick, Maryland
[2025-10-21T17:55:15.600+0000] {logging_mixin.py:188} INFO - Fetching: Rockville, Maryland
[2025-10-21T17:55:17.092+0000] {logging_mixin.py:188} INFO - Fetching: Gaithersburg, Maryland
[2025-10-21T17:55:18.527+0000] {logging_mixin.py:188} INFO - Fetching: Silver Spring, Maryland
[2025-10-21T17:55:19.985+0000] {logging_mixin.py:188} INFO - Fetching: Ocean City, Maryland
[2025-10-21T17:55:21.437+0000] {logging_mixin.py:188} INFO - Fetching: Bethesda, Maryland
[2025-10-21T17:55:22.866+0000] {logging_mixin.py:188} INFO - Fetching: Hagerstown, Maryland
[2025-10-21T17:55:24.378+0000] {logging_mixin.py:188} INFO - Fetching: College Park, Maryland
[2025-10-21T17:55:25.939+0000] {logging_mixin.py:188} INFO - Fetching: Boston, Massachusetts
[2025-10-21T17:55:27.342+0000] {logging_mixin.py:188} INFO - Fetching: Worcester, Massachusetts
[2025-10-21T17:55:28.719+0000] {logging_mixin.py:188} INFO - Fetching: Springfield, Massachusetts
[2025-10-21T17:55:30.107+0000] {logging_mixin.py:188} INFO - Fetching: Cambridge, Massachusetts
[2025-10-21T17:55:31.545+0000] {logging_mixin.py:188} INFO - Fetching: Lowell, Massachusetts
[2025-10-21T17:55:32.949+0000] {logging_mixin.py:188} INFO - Fetching: Salem, Massachusetts
[2025-10-21T17:55:34.439+0000] {logging_mixin.py:188} INFO - Fetching: New Bedford, Massachusetts
[2025-10-21T17:55:35.897+0000] {logging_mixin.py:188} INFO - Fetching: Plymouth, Massachusetts
[2025-10-21T17:55:37.320+0000] {logging_mixin.py:188} INFO - Fetching: Gloucester, Massachusetts
[2025-10-21T17:55:38.765+0000] {logging_mixin.py:188} INFO - Fetching: Quincy, Massachusetts
[2025-10-21T17:55:40.121+0000] {logging_mixin.py:188} INFO - Fetching: Denver, Colorado
[2025-10-21T17:55:41.465+0000] {logging_mixin.py:188} INFO - Fetching: Colorado Springs, Colorado
[2025-10-21T17:55:42.984+0000] {logging_mixin.py:188} INFO - Fetching: Boulder, Colorado
[2025-10-21T17:55:44.275+0000] {logging_mixin.py:188} INFO - Fetching: Fort Collins, Colorado
[2025-10-21T17:55:46.005+0000] {logging_mixin.py:188} INFO - Fetching: Aspen, Colorado
[2025-10-21T17:55:47.432+0000] {logging_mixin.py:188} INFO - Fetching: Vail, Colorado
[2025-10-21T17:55:49.001+0000] {logging_mixin.py:188} INFO - Fetching: Breckenridge, Colorado
[2025-10-21T17:55:50.454+0000] {logging_mixin.py:188} INFO - Fetching: Durango, Colorado
[2025-10-21T17:55:51.864+0000] {logging_mixin.py:188} INFO - Fetching: Grand Junction, Colorado
[2025-10-21T17:55:53.403+0000] {logging_mixin.py:188} INFO - Fetching: Pueblo, Colorado
[2025-10-21T17:55:55.011+0000] {logging_mixin.py:188} INFO - Fetching: Anchorage, Alaska
[2025-10-21T17:55:56.665+0000] {logging_mixin.py:188} INFO - Fetching: Juneau, Alaska
[2025-10-21T17:55:58.066+0000] {logging_mixin.py:188} INFO - Fetching: Fairbanks, Alaska
[2025-10-21T17:55:59.859+0000] {logging_mixin.py:188} INFO - Fetching: Seward, Alaska
[2025-10-21T17:56:01.323+0000] {logging_mixin.py:188} INFO - Fetching: Sitka, Alaska
[2025-10-21T17:56:02.734+0000] {logging_mixin.py:188} INFO - Fetching: Ketchikan, Alaska
[2025-10-21T17:56:04.336+0000] {logging_mixin.py:188} INFO - Fetching: Homer, Alaska
[2025-10-21T17:56:05.793+0000] {logging_mixin.py:188} INFO - Fetching: Palmer, Alaska
[2025-10-21T17:56:07.516+0000] {logging_mixin.py:188} INFO - Fetching: Wasilla, Alaska
[2025-10-21T17:56:08.847+0000] {logging_mixin.py:188} INFO - Fetching: Kenai, Alaska
[2025-10-21T17:56:10.179+0000] {logging_mixin.py:188} INFO - Fetching: Birmingham, Alabama
[2025-10-21T17:56:11.537+0000] {logging_mixin.py:188} INFO - Fetching: Montgomery, Alabama
[2025-10-21T17:56:13.431+0000] {logging_mixin.py:188} INFO - Fetching: Mobile, Alabama
[2025-10-21T17:56:35.532+0000] {logging_mixin.py:188} INFO - Fetching: Huntsville, Alabama
[2025-10-21T17:56:37.057+0000] {logging_mixin.py:188} INFO - Fetching: Tuscaloosa, Alabama
[2025-10-21T17:56:38.599+0000] {logging_mixin.py:188} INFO - Fetching: Auburn, Alabama
[2025-10-21T17:56:40.065+0000] {logging_mixin.py:188} INFO - Fetching: Florence, Alabama
[2025-10-21T17:56:41.514+0000] {logging_mixin.py:188} INFO - Fetching: Gulf Shores, Alabama
[2025-10-21T17:56:43.527+0000] {logging_mixin.py:188} INFO - Fetching: Hoover, Alabama
[2025-10-21T17:56:45.319+0000] {logging_mixin.py:188} INFO - Fetching: Dothan, Alabama
[2025-10-21T17:56:46.737+0000] {logging_mixin.py:188} INFO - Fetching: Little Rock, Arkansas
[2025-10-21T17:56:48.115+0000] {logging_mixin.py:188} INFO - Fetching: Fayetteville, Arkansas
[2025-10-21T17:56:49.506+0000] {logging_mixin.py:188} INFO - Fetching: Bentonville, Arkansas
[2025-10-21T17:56:51.535+0000] {logging_mixin.py:188} INFO - Fetching: Hot Springs, Arkansas
[2025-10-21T17:56:52.971+0000] {logging_mixin.py:188} INFO - Fetching: Fort Smith, Arkansas
[2025-10-21T17:56:54.469+0000] {logging_mixin.py:188} INFO - Fetching: Jonesboro, Arkansas
[2025-10-21T17:56:55.889+0000] {logging_mixin.py:188} INFO - Fetching: Conway, Arkansas
[2025-10-21T17:56:57.434+0000] {logging_mixin.py:188} INFO - Fetching: Springdale, Arkansas
[2025-10-21T17:56:59.082+0000] {logging_mixin.py:188} INFO - Fetching: Pine Bluff, Arkansas
[2025-10-21T17:57:00.746+0000] {logging_mixin.py:188} INFO - Fetching: Rogers, Arkansas
[2025-10-21T17:57:02.134+0000] {logging_mixin.py:188} INFO - Fetching: Manchester, New Hampshire
[2025-10-21T17:57:03.569+0000] {logging_mixin.py:188} INFO - Fetching: Nashua, New Hampshire
[2025-10-21T17:57:04.928+0000] {logging_mixin.py:188} INFO - Fetching: Concord, New Hampshire
[2025-10-21T17:57:06.499+0000] {logging_mixin.py:188} INFO - Fetching: Portsmouth, New Hampshire
[2025-10-21T17:57:07.859+0000] {logging_mixin.py:188} INFO - Fetching: Dover, New Hampshire
[2025-10-21T17:57:09.251+0000] {logging_mixin.py:188} INFO - Fetching: Keene, New Hampshire
[2025-10-21T17:57:10.658+0000] {logging_mixin.py:188} INFO - Fetching: Hanover, New Hampshire
[2025-10-21T17:57:12.080+0000] {logging_mixin.py:188} INFO - Fetching: Lebanon, New Hampshire
[2025-10-21T17:57:13.483+0000] {logging_mixin.py:188} INFO - Fetching: Exeter, New Hampshire
[2025-10-21T17:57:14.929+0000] {logging_mixin.py:188} INFO - Fetching: Claremont, New Hampshire
[2025-10-21T17:57:16.345+0000] {logging_mixin.py:188} INFO - Fetching: Milwaukee, Wisconsin
[2025-10-21T17:57:31.777+0000] {logging_mixin.py:188} INFO - Fetching: Madison, Wisconsin
[2025-10-21T17:57:33.127+0000] {logging_mixin.py:188} INFO - Fetching: Green Bay, Wisconsin
[2025-10-21T17:57:34.455+0000] {logging_mixin.py:188} INFO - Fetching: Kenosha, Wisconsin
[2025-10-21T17:57:35.898+0000] {logging_mixin.py:188} INFO - Fetching: Racine, Wisconsin
[2025-10-21T17:57:37.436+0000] {logging_mixin.py:188} INFO - Fetching: Appleton, Wisconsin
[2025-10-21T17:57:38.836+0000] {logging_mixin.py:188} INFO - Fetching: Eau Claire, Wisconsin
[2025-10-21T17:57:40.350+0000] {logging_mixin.py:188} INFO - Fetching: Janesville, Wisconsin
[2025-10-21T17:57:41.852+0000] {logging_mixin.py:188} INFO - Fetching: La Crosse, Wisconsin
[2025-10-21T17:57:43.513+0000] {logging_mixin.py:188} INFO - Fetching: Oshkosh, Wisconsin
[2025-10-21T17:57:44.844+0000] {python.py:237} INFO - Done. Returned value was: None
[2025-10-21T17:57:44.909+0000] {taskinstance.py:441} INFO - ::group::Post task execution logs
[2025-10-21T17:57:45.172+0000] {taskinstance.py:1206} INFO - Marking task as SUCCESS. dag_id=airbnb_etl_pipeline, task_id=extract_airbnb_forsale, run_id=manual__2025-10-21T17:45:45.179461+00:00, execution_date=20251021T174545, start_date=20251021T174546, end_date=20251021T175745
[2025-10-21T17:57:45.357+0000] {local_task_job_runner.py:240} INFO - Task exited with return code 0
[2025-10-21T17:57:45.562+0000] {taskinstance.py:3503} INFO - 1 downstream tasks scheduled from follow-on schedule check
[2025-10-21T17:57:45.567+0000] {local_task_job_runner.py:222} INFO - ::endgroup::
