2025-10-21 19:20:37.391 | PID:183 | TID123549303142208| API key not found in environment variables. Application may not function correctly.
2025-10-21 19:20:50.685 | PID:183 | TID123549303142208| ❌ Clearwater, Florida failed: {"message":"You have exceeded the rate limit per second for your plan, PRO, by the API provider"}
2025-10-21 19:20:51.055 | PID:183 | TID123549303142208| ❌ Kissimmee, Florida failed: {"message":"You have exceeded the rate limit per second for your plan, PRO, by the API provider"}
2025-10-21 19:20:51.443 | PID:183 | TID123549303142208| ❌ Ft. Walton Beach , FloridaAustin, Texas failed: {"message":"You have exceeded the rate limit per second for your plan, PRO, by the API provider"}
2025-10-21 19:20:52.619 | PID:183 | TID123549303142208| ❌ San Antonio, Texas failed: {"message":"You have exceeded the rate limit per second for your plan, PRO, by the API provider"}
2025-10-21 19:20:53.025 | PID:183 | TID123549303142208| ❌ Galveston, Texas failed: {"message":"You have exceeded the rate limit per second for your plan, PRO, by the API provider"}
2025-10-21 19:20:53.423 | PID:183 | TID123549303142208| ❌ Wilmington, North Carolina failed: {"message":"You have exceeded the rate limit per second for your plan, PRO, by the API provider"}
2025-10-21 19:20:56.223 | PID:183 | TID123549303142208| ❌ Lake Norman, North Carolina failed: {"message":"You have exceeded the rate limit per second for your plan, PRO, by the API provider"}
2025-10-21 19:20:59.116 | PID:183 | TID123549303142208| ❌ Helen, Georgia failed: {"message":"You have exceeded the rate limit per second for your plan, PRO, by the API provider"}
2025-10-21 19:21:02.122 | PID:183 | TID123549303142208| ❌ Virgina Beach, Virgina failed: {"message":"You have exceeded the rate limit per second for your plan, PRO, by the API provider"}
2025-10-21 19:21:05.302 | PID:183 | TID123549303142208| ❌ Traverse City, Michigan failed: {"message":"You have exceeded the rate limit per second for your plan, PRO, by the API provider"}
2025-10-21 19:21:08.098 | PID:183 | TID123549303142208| ❌ Grand Rapids, Michigan failed: {"message":"You have exceeded the rate limit per second for your plan, PRO, by the API provider"}
2025-10-21 19:21:10.811 | PID:183 | TID123549303142208| ❌ Tallahassee, Florida failed: {"message":"You have exceeded the rate limit per second for your plan, PRO, by the API provider"}
2025-10-21 19:21:11.254 | PID:183 | TID123549303142208| ❌ Gainesville, Florida failed: {"message":"You have exceeded the rate limit per second for your plan, PRO, by the API provider"}
2025-10-21 19:21:18.396 | PID:183 | TID123549303142208| ❌ West Palm Beach, Florida failed: {"message":"You have exceeded the rate limit per second for your plan, PRO, by the API provider"}
2025-10-21 19:21:20.924 | PID:183 | TID123549303142208| ❌ Fort Myers, Florida failed: {"message":"You have exceeded the rate limit per second for your plan, PRO, by the API provider"}
2025-10-21 19:21:23.897 | PID:183 | TID123549303142208| ❌ Pensacola, Florida failed: {"message":"You have exceeded the rate limit per second for your plan, PRO, by the API provider"}
2025-10-21 19:21:24.250 | PID:183 | TID123549303142208| ❌ Destin, Florida failed: {"message":"You have exceeded the rate limit per second for your plan, PRO, by the API provider"}
2025-10-21 19:21:28.326 | PID:183 | TID123549303142208| ❌ St. Petersburg, Florida failed: {"message":"You have exceeded the rate limit per second for your plan, PRO, by the API provider"}
2025-10-21 19:21:35.842 | PID:183 | TID123549303142208| ❌ Flint, Michigan failed: {"message":"You have exceeded the rate limit per second for your plan, PRO, by the API provider"}
2025-10-21 19:21:41.262 | PID:183 | TID123549303142208| ❌ Muskegon, Michigan failed: {"message":"You have exceeded the rate limit per second for your plan, PRO, by the API provider"}
2025-10-21 19:21:48.835 | PID:183 | TID123549303142208| ❌ Bay City, Michigan failed: {"message":"You have exceeded the rate limit per second for your plan, PRO, by the API provider"}
2025-10-21 19:21:49.259 | PID:183 | TID123549303142208| ❌ Atlanta, Georgia failed: {"message":"You have exceeded the rate limit per second for your plan, PRO, by the API provider"}
2025-10-21 19:21:51.913 | PID:183 | TID123549303142208| ❌ Savannah, Georgia failed: {"message":"You have exceeded the rate limit per second for your plan, PRO, by the API provider"}
2025-10-21 19:21:52.351 | PID:183 | TID123549303142208| ❌ Macon, Georgia failed: {"message":"You have exceeded the rate limit per second for your plan, PRO, by the API provider"}
2025-10-21 19:21:55.199 | PID:183 | TID123549303142208| ❌ Valdosta, Georgia failed: {"message":"You have exceeded the rate limit per second for your plan, PRO, by the API provider"}
2025-10-21 19:21:58.948 | PID:183 | TID123549303142208| ❌ Marietta, Georgia failed: {"message":"You have exceeded the rate limit per second for your plan, PRO, by the API provider"}
2025-10-21 19:22:07.826 | PID:183 | TID123549303142208| ❌ Raleigh, North Carolina failed: {"message":"You have exceeded the rate limit per second for your plan, PRO, by the API provider"}
2025-10-21 19:22:08.177 | PID:183 | TID123549303142208| ❌ Durham, North Carolina failed: {"message":"You have exceeded the rate limit per second for your plan, PRO, by the API provider"}
2025-10-21 19:22:18.343 | PID:183 | TID123549303142208| ❌ Cary, North Carolina failed: {"message":"You have exceeded the rate limit per second for your plan, PRO, by the API provider"}
2025-10-21 19:22:27.938 | PID:183 | TID123549303142208| ❌ Fort Worth, Texas failed: {"message":"You have exceeded the rate limit per second for your plan, PRO, by the API provider"}
2025-10-21 19:22:28.379 | PID:183 | TID123549303142208| ❌ El Paso, Texas failed: {"message":"You have exceeded the rate limit per second for your plan, PRO, by the API provider"}
2025-10-21 19:22:30.981 | PID:183 | TID123549303142208| ❌ Corpus Christi, Texas failed: {"message":"You have exceeded the rate limit per second for your plan, PRO, by the API provider"}
2025-10-21 19:22:31.481 | PID:183 | TID123549303142208| ❌ Amarillo, Texas failed: {"message":"You have exceeded the rate limit per second for your plan, PRO, by the API provider"}
2025-10-21 19:22:34.126 | PID:183 | TID123549303142208| ❌ Plano, Texas failed: {"message":"You have exceeded the rate limit per second for your plan, PRO, by the API provider"}
2025-10-21 19:22:58.717 | PID:183 | TID123549303142208| ❌ Murfreesboro, Tennessee failed: {"message":"You have exceeded the rate limit per second for your plan, PRO, by the API provider"}
2025-10-21 19:23:04.948 | PID:183 | TID123549303142208| ❌ Chicago, Illinois failed: {"message":"You have exceeded the rate limit per second for your plan, PRO, by the API provider"}
2025-10-21 19:23:05.318 | PID:183 | TID123549303142208| ❌ Springfield, Illinois failed: {"message":"You have exceeded the rate limit per second for your plan, PRO, by the API provider"}
2025-10-21 19:23:53.051 | PID:183 | TID123549303142208| ❌ Mesa, Arizona failed: {"message":"You have exceeded the rate limit per second for your plan, PRO, by the API provider"}
2025-10-21 19:23:53.438 | PID:183 | TID123549303142208| ❌ Scottsdale, Arizona failed: {"message":"You have exceeded the rate limit per second for your plan, PRO, by the API provider"}
2025-10-21 19:23:59.217 | PID:183 | TID123549303142208| ❌ Sedona, Arizona failed: {"message":"You have exceeded the rate limit per second for your plan, PRO, by the API provider"}
2025-10-21 19:24:04.420 | PID:183 | TID123549303142208| ❌ Glendale, Arizona failed: {"message":"You have exceeded the rate limit per second for your plan, PRO, by the API provider"}
2025-10-21 19:24:26.304 | PID:183 | TID123549303142208| ❌ Provo, Utah failed: {"message":"You have exceeded the rate limit per second for your plan, PRO, by the API provider"}
2025-10-21 19:24:29.012 | PID:183 | TID123549303142208| ❌ Park City, Utah failed: {"message":"You have exceeded the rate limit per second for your plan, PRO, by the API provider"}
2025-10-21 19:24:31.832 | PID:183 | TID123549303142208| ❌ Logan, Utah failed: {"message":"You have exceeded the rate limit per second for your plan, PRO, by the API provider"}
2025-10-21 19:24:32.221 | PID:183 | TID123549303142208| ❌ Orem, Utah failed: {"message":"You have exceeded the rate limit per second for your plan, PRO, by the API provider"}
2025-10-21 19:24:36.644 | PID:183 | TID123549303142208| ❌ Sandy, Utah failed: {"message":"You have exceeded the rate limit per second for your plan, PRO, by the API provider"}
2025-10-21 19:24:37.069 | PID:183 | TID123549303142208| ❌ Layton, Utah failed: {"message":"You have exceeded the rate limit per second for your plan, PRO, by the API provider"}
2025-10-21 19:24:37.472 | PID:183 | TID123549303142208| ❌ Portland, Oregon failed: {"message":"You have exceeded the rate limit per second for your plan, PRO, by the API provider"}
2025-10-21 19:24:42.470 | PID:183 | TID123549303142208| ❌ Bend, Oregon failed: {"message":"You have exceeded the rate limit per second for your plan, PRO, by the API provider"}
2025-10-21 19:24:42.863 | PID:183 | TID123549303142208| ❌ Medford, Oregon failed: {"message":"You have exceeded the rate limit per second for your plan, PRO, by the API provider"}
2025-10-21 19:24:43.359 | PID:183 | TID123549303142208| ❌ Corvallis, Oregon failed: {"message":"You have exceeded the rate limit per second for your plan, PRO, by the API provider"}
2025-10-21 19:24:48.274 | PID:183 | TID123549303142208| ❌ Gresham, Oregon failed: {"message":"You have exceeded the rate limit per second for your plan, PRO, by the API provider"}
2025-10-21 19:24:48.779 | PID:183 | TID123549303142208| ❌ Beaverton, Oregon failed: {"message":"You have exceeded the rate limit per second for your plan, PRO, by the API provider"}
2025-10-21 19:24:49.231 | PID:183 | TID123549303142208| ❌ Billings, Montana failed: {"message":"You have exceeded the rate limit per second for your plan, PRO, by the API provider"}
2025-10-21 19:25:01.434 | PID:183 | TID123549303142208| ❌ Helena, Montana failed: {"message":"You have exceeded the rate limit per second for your plan, PRO, by the API provider"}
2025-10-21 19:25:12.438 | PID:183 | TID123549303142208| ❌ Whitefish, Montana failed: {"message":"You have exceeded the rate limit per second for your plan, PRO, by the API provider"}
2025-10-21 19:25:17.678 | PID:183 | TID123549303142208| ❌ Las Vegas, Nevada failed: {"message":"You have exceeded the rate limit per second for your plan, PRO, by the API provider"}
2025-10-21 19:25:51.020 | PID:183 | TID123549303142208| ❌ Sparks, Nevada failed: {"message":"You have exceeded the rate limit per second for your plan, PRO, by the API provider"}
2025-10-21 19:25:51.467 | PID:183 | TID123549303142208| ❌ Pahrump, Nevada failed: {"message":"You have exceeded the rate limit per second for your plan, PRO, by the API provider"}
2025-10-21 19:25:54.089 | PID:183 | TID123549303142208| ❌ Charleston, West Virginia failed: {"message":"You have exceeded the rate limit per second for your plan, PRO, by the API provider"}
2025-10-21 19:25:59.494 | PID:183 | TID123549303142208| ❌ Wheeling, West Virginia failed: {"message":"You have exceeded the rate limit per second for your plan, PRO, by the API provider"}
2025-10-21 19:25:59.918 | PID:183 | TID123549303142208| ❌ Beckley, West Virginia failed: {"message":"You have exceeded the rate limit per second for your plan, PRO, by the API provider"}
2025-10-21 19:26:00.352 | PID:183 | TID123549303142208| ❌ Fairmont, West Virginia failed: {"message":"You have exceeded the rate limit per second for your plan, PRO, by the API provider"}
2025-10-21 19:26:16.853 | PID:183 | TID123549303142208| ❌ Jackson, Wyoming failed: {"message":"You have exceeded the rate limit per second for your plan, PRO, by the API provider"}
2025-10-21 19:26:17.216 | PID:183 | TID123549303142208| ❌ Laramie, Wyoming failed: {"message":"You have exceeded the rate limit per second for your plan, PRO, by the API provider"}
2025-10-21 19:26:19.942 | PID:183 | TID123549303142208| ❌ Gillette, Wyoming failed: {"message":"You have exceeded the rate limit per second for your plan, PRO, by the API provider"}
2025-10-21 19:26:20.319 | PID:183 | TID123549303142208| ❌ Sheridan, Wyoming failed: {"message":"You have exceeded the rate limit per second for your plan, PRO, by the API provider"}
2025-10-21 19:26:38.792 | PID:183 | TID123549303142208| ❌ Mitchell, South Dakota failed: {"message":"You have exceeded the rate limit per second for your plan, PRO, by the API provider"}
2025-10-21 19:26:39.240 | PID:183 | TID123549303142208| ❌ Spearfish, South Dakota failed: {"message":"You have exceeded the rate limit per second for your plan, PRO, by the API provider"}
2025-10-21 19:26:44.321 | PID:183 | TID123549303142208| ❌ Huron, South Dakota failed: {"message":"You have exceeded the rate limit per second for your plan, PRO, by the API provider"}
2025-10-21 19:26:44.694 | PID:183 | TID123549303142208| ❌ Fargo, North Dakota failed: {"message":"You have exceeded the rate limit per second for your plan, PRO, by the API provider"}
2025-10-21 19:26:45.149 | PID:183 | TID123549303142208| ❌ Bismarck, North Dakota failed: {"message":"You have exceeded the rate limit per second for your plan, PRO, by the API provider"}
2025-10-21 19:26:45.481 | PID:183 | TID123549303142208| ❌ Grand Forks, North Dakota failed: {"message":"You have exceeded the rate limit per second for your plan, PRO, by the API provider"}
2025-10-21 19:26:48.103 | PID:183 | TID123549303142208| ❌ Dickinson, North Dakota failed: {"message":"You have exceeded the rate limit per second for your plan, PRO, by the API provider"}
2025-10-21 19:26:50.909 | PID:183 | TID123549303142208| ❌ Wahpeton, North Dakota failed: {"message":"You have exceeded the rate limit per second for your plan, PRO, by the API provider"}
2025-10-21 19:26:51.314 | PID:183 | TID123549303142208| ❌ Jamestown, North Dakota failed: {"message":"You have exceeded the rate limit per second for your plan, PRO, by the API provider"}
2025-10-21 19:26:58.543 | PID:183 | TID123549303142208| ❌ Columbia, South Carolina failed: {"message":"You have exceeded the rate limit per second for your plan, PRO, by the API provider"}
2025-10-21 19:26:58.948 | PID:183 | TID123549303142208| ❌ Greenville, South Carolina failed: {"message":"You have exceeded the rate limit per second for your plan, PRO, by the API provider"}
2025-10-21 19:26:59.359 | PID:183 | TID123549303142208| ❌ Myrtle Beach, South Carolina failed: {"message":"You have exceeded the rate limit per second for your plan, PRO, by the API provider"}
2025-10-21 19:27:02.053 | PID:183 | TID123549303142208| ❌ Florence, South Carolina failed: {"message":"You have exceeded the rate limit per second for your plan, PRO, by the API provider"}
2025-10-21 19:27:02.510 | PID:183 | TID123549303142208| ❌ Beaufort, South Carolina failed: {"message":"You have exceeded the rate limit per second for your plan, PRO, by the API provider"}
2025-10-21 19:27:05.128 | PID:183 | TID123549303142208| ❌ Rock Hill, South Carolina failed: {"message":"You have exceeded the rate limit per second for your plan, PRO, by the API provider"}
2025-10-21 19:27:10.032 | PID:183 | TID123549303142208| ❌ Santa Fe, New Mexico failed: {"message":"You have exceeded the rate limit per second for your plan, PRO, by the API provider"}
2025-10-21 19:27:10.526 | PID:183 | TID123549303142208| ❌ Las Cruces, New Mexico failed: {"message":"You have exceeded the rate limit per second for your plan, PRO, by the API provider"}
2025-10-21 19:27:15.530 | PID:183 | TID123549303142208| ❌ Taos, New Mexico failed: {"message":"You have exceeded the rate limit per second for your plan, PRO, by the API provider"}
2025-10-21 19:27:15.907 | PID:183 | TID123549303142208| ❌ Rio Rancho, New Mexico failed: {"message":"You have exceeded the rate limit per second for your plan, PRO, by the API provider"}
2025-10-21 19:27:16.388 | PID:183 | TID123549303142208| ❌ Carlsbad, New Mexico failed: {"message":"You have exceeded the rate limit per second for your plan, PRO, by the API provider"}
2025-10-21 19:27:36.389 | PID:183 | TID123549303142208| ❌ Pittsburgh, Pennsylvania failed: {"message":"You have exceeded the rate limit per second for your plan, PRO, by the API provider"}
2025-10-21 19:27:36.850 | PID:183 | TID123549303142208| ❌ Harrisburg, Pennsylvania failed: {"message":"You have exceeded the rate limit per second for your plan, PRO, by the API provider"}
2025-10-21 19:27:37.245 | PID:183 | TID123549303142208| ❌ Allentown, Pennsylvania failed: {"message":"You have exceeded the rate limit per second for your plan, PRO, by the API provider"}
2025-10-21 19:27:43.054 | PID:183 | TID123549303142208| ❌ Lancaster, Pennsylvania failed: {"message":"You have exceeded the rate limit per second for your plan, PRO, by the API provider"}
2025-10-21 19:28:30.333 | PID:183 | TID123549303142208| ❌ Moore, Oklahoma failed: {"message":"You have exceeded the rate limit per second for your plan, PRO, by the API provider"}
2025-10-21 19:28:30.764 | PID:183 | TID123549303142208| ❌ Enid, Oklahoma failed: {"message":"You have exceeded the rate limit per second for your plan, PRO, by the API provider"}
2025-10-21 19:28:31.115 | PID:183 | TID123549303142208| ❌ Ardmore, Oklahoma failed: {"message":"You have exceeded the rate limit per second for your plan, PRO, by the API provider"}
2025-10-21 19:28:46.385 | PID:183 | TID123549303142208| ❌ Hoboken, New Jersey failed: {"message":"You have exceeded the rate limit per second for your plan, PRO, by the API provider"}
2025-10-21 19:28:46.904 | PID:183 | TID123549303142208| ❌ Princeton, New Jersey failed: {"message":"You have exceeded the rate limit per second for your plan, PRO, by the API provider"}
2025-10-21 19:28:47.454 | PID:183 | TID123549303142208| ❌ Middletown, New Jersey failed: {"message":"You have exceeded the rate limit per second for your plan, PRO, by the API provider"}
2025-10-21 19:28:50.225 | PID:183 | TID123549303142208| ❌ Louisville, Kentucky failed: {"message":"You have exceeded the rate limit per second for your plan, PRO, by the API provider"}
2025-10-21 19:28:52.974 | PID:183 | TID123549303142208| ❌ Bowling Green, Kentucky failed: {"message":"You have exceeded the rate limit per second for your plan, PRO, by the API provider"}
2025-10-21 19:28:53.302 | PID:183 | TID123549303142208| ❌ Owensboro, Kentucky failed: {"message":"You have exceeded the rate limit per second for your plan, PRO, by the API provider"}
2025-10-21 19:28:56.414 | PID:183 | TID123549303142208| ❌ Paducah, Kentucky failed: {"message":"You have exceeded the rate limit per second for your plan, PRO, by the API provider"}
2025-10-21 19:28:56.772 | PID:183 | TID123549303142208| ❌ Covington, Kentucky failed: {"message":"You have exceeded the rate limit per second for your plan, PRO, by the API provider"}
2025-10-21 19:28:57.273 | PID:183 | TID123549303142208| ❌ Elizabethtown, Kentucky failed: {"message":"You have exceeded the rate limit per second for your plan, PRO, by the API provider"}
2025-10-21 19:29:02.274 | PID:183 | TID123549303142208| ❌ Wichita, Kansas failed: {"message":"You have exceeded the rate limit per second for your plan, PRO, by the API provider"}
2025-10-21 19:29:02.626 | PID:183 | TID123549303142208| ❌ Topeka, Kansas failed: {"message":"You have exceeded the rate limit per second for your plan, PRO, by the API provider"}
2025-10-21 19:29:03.061 | PID:183 | TID123549303142208| ❌ Kansas City, Kansas failed: {"message":"You have exceeded the rate limit per second for your plan, PRO, by the API provider"}
2025-10-21 19:29:03.439 | PID:183 | TID123549303142208| ❌ Olathe, Kansas failed: {"message":"You have exceeded the rate limit per second for your plan, PRO, by the API provider"}
2025-10-21 19:29:05.990 | PID:183 | TID123549303142208| ❌ Lawrence, Kansas failed: {"message":"You have exceeded the rate limit per second for your plan, PRO, by the API provider"}
2025-10-21 19:29:16.410 | PID:183 | TID123549303142208| ❌ Manhattan, Kansas failed: <html>
<head><title>504 Gateway Time-out</title></head>
<body>
<center><h1>504 Gateway Time-out</h1></center>
</body>
</html>

2025-10-21 19:29:26.380 | PID:183 | TID123549303142208| ❌ Salina, Kansas failed: {"message":"You have exceeded the rate limit per second for your plan, PRO, by the API provider"}
2025-10-21 19:29:33.703 | PID:183 | TID123549303142208| ❌ Shreveport, Louisiana failed: {"message":"You have exceeded the rate limit per second for your plan, PRO, by the API provider"}
2025-10-21 19:29:34.111 | PID:183 | TID123549303142208| ❌ Lafayette, Louisiana failed: {"message":"You have exceeded the rate limit per second for your plan, PRO, by the API provider"}
2025-10-21 19:29:43.758 | PID:183 | TID123549303142208| ❌ Natchitoches, Louisiana failed: {"message":"You have exceeded the rate limit per second for your plan, PRO, by the API provider"}
2025-10-21 19:29:44.234 | PID:183 | TID123549303142208| ❌ Slidell, Louisiana failed: {"message":"You have exceeded the rate limit per second for your plan, PRO, by the API provider"}
2025-10-21 19:29:49.977 | PID:183 | TID123549303142208| ❌ Bangor, Maine failed: {"message":"You have exceeded the rate limit per second for your plan, PRO, by the API provider"}
2025-10-21 19:29:50.472 | PID:183 | TID123549303142208| ❌ Bar Harbor, Maine failed: {"message":"You have exceeded the rate limit per second for your plan, PRO, by the API provider"}
2025-10-21 19:29:53.237 | PID:183 | TID123549303142208| ❌ Lewiston, Maine failed: {"message":"You have exceeded the rate limit per second for your plan, PRO, by the API provider"}
2025-10-21 19:29:55.991 | PID:183 | TID123549303142208| ❌ Rockland, Maine failed: {"message":"You have exceeded the rate limit per second for your plan, PRO, by the API provider"}
2025-10-21 19:29:56.369 | PID:183 | TID123549303142208| ❌ Camden, Maine failed: {"message":"You have exceeded the rate limit per second for your plan, PRO, by the API provider"}
2025-10-21 19:29:59.529 | PID:183 | TID123549303142208| ❌ Baltimore, Maryland failed: {"message":"You have exceeded the rate limit per second for your plan, PRO, by the API provider"}
2025-10-21 19:30:08.080 | PID:183 | TID123549303142208| ❌ Gaithersburg, Maryland failed: {"message":"You have exceeded the rate limit per second for your plan, PRO, by the API provider"}
2025-10-21 19:30:08.510 | PID:183 | TID123549303142208| ❌ Silver Spring, Maryland failed: {"message":"You have exceeded the rate limit per second for your plan, PRO, by the API provider"}
2025-10-21 19:30:14.354 | PID:183 | TID123549303142208| ❌ Hagerstown, Maryland failed: {"message":"You have exceeded the rate limit per second for your plan, PRO, by the API provider"}
2025-10-21 19:30:39.941 | PID:183 | TID123549303142208| ❌ Boston, Massachusetts failed: {"message":"You have exceeded the rate limit per second for your plan, PRO, by the API provider"}
2025-10-21 19:30:40.360 | PID:183 | TID123549303142208| ❌ Worcester, Massachusetts failed: {"message":"You have exceeded the rate limit per second for your plan, PRO, by the API provider"}
2025-10-21 19:30:43.730 | PID:183 | TID123549303142208| ❌ Cambridge, Massachusetts failed: {"message":"You have exceeded the rate limit per second for your plan, PRO, by the API provider"}
2025-10-21 19:30:44.115 | PID:183 | TID123549303142208| ❌ Lowell, Massachusetts failed: {"message":"You have exceeded the rate limit per second for your plan, PRO, by the API provider"}
2025-10-21 19:30:49.057 | PID:183 | TID123549303142208| ❌ Plymouth, Massachusetts failed: {"message":"You have exceeded the rate limit per second for your plan, PRO, by the API provider"}
2025-10-21 19:30:49.437 | PID:183 | TID123549303142208| ❌ Gloucester, Massachusetts failed: {"message":"You have exceeded the rate limit per second for your plan, PRO, by the API provider"}
2025-10-21 19:30:57.200 | PID:183 | TID123549303142208| ❌ Boulder, Colorado failed: {"message":"You have exceeded the rate limit per second for your plan, PRO, by the API provider"}
2025-10-21 19:31:03.099 | PID:183 | TID123549303142208| ❌ Vail, Colorado failed: {"message":"You have exceeded the rate limit per second for your plan, PRO, by the API provider"}
2025-10-21 19:31:05.976 | PID:183 | TID123549303142208| ❌ Durango, Colorado failed: {"message":"You have exceeded the rate limit per second for your plan, PRO, by the API provider"}
2025-10-21 19:31:06.381 | PID:183 | TID123549303142208| ❌ Grand Junction, Colorado failed: {"message":"You have exceeded the rate limit per second for your plan, PRO, by the API provider"}
2025-10-21 19:31:16.184 | PID:183 | TID123549303142208| ❌ Seward, Alaska failed: {"message":"You have exceeded the rate limit per second for your plan, PRO, by the API provider"}
2025-10-21 19:31:48.881 | PID:183 | TID123549303142208| ❌ Tuscaloosa, Alabama failed: <html>
<head><title>504 Gateway Time-out</title></head>
<body>
<center><h1>504 Gateway Time-out</h1></center>
</body>
</html>

2025-10-21 19:31:49.350 | PID:183 | TID123549303142208| ❌ Auburn, Alabama failed: {"message":"You have exceeded the rate limit per second for your plan, PRO, by the API provider"}
2025-10-21 19:31:49.734 | PID:183 | TID123549303142208| ❌ Florence, Alabama failed: {"message":"You have exceeded the rate limit per second for your plan, PRO, by the API provider"}
2025-10-21 19:31:50.115 | PID:183 | TID123549303142208| ❌ Gulf Shores, Alabama failed: {"message":"You have exceeded the rate limit per second for your plan, PRO, by the API provider"}
2025-10-21 19:31:52.837 | PID:183 | TID123549303142208| ❌ Dothan, Alabama failed: {"message":"You have exceeded the rate limit per second for your plan, PRO, by the API provider"}
2025-10-21 19:31:53.225 | PID:183 | TID123549303142208| ❌ Little Rock, Arkansas failed: {"message":"You have exceeded the rate limit per second for your plan, PRO, by the API provider"}
2025-10-21 19:31:56.131 | PID:183 | TID123549303142208| ❌ Bentonville, Arkansas failed: {"message":"You have exceeded the rate limit per second for your plan, PRO, by the API provider"}
2025-10-21 19:32:00.973 | PID:183 | TID123549303142208| ❌ Jonesboro, Arkansas failed: {"message":"You have exceeded the rate limit per second for your plan, PRO, by the API provider"}
2025-10-21 19:32:01.411 | PID:183 | TID123549303142208| ❌ Conway, Arkansas failed: {"message":"You have exceeded the rate limit per second for your plan, PRO, by the API provider"}
2025-10-21 19:32:06.958 | PID:183 | TID123549303142208| ❌ Rogers, Arkansas failed: {"message":"You have exceeded the rate limit per second for your plan, PRO, by the API provider"}
2025-10-21 19:32:17.023 | PID:183 | TID123549303142208| ❌ Dover, New Hampshire failed: {"message":"You have exceeded the rate limit per second for your plan, PRO, by the API provider"}
2025-10-21 19:32:17.389 | PID:183 | TID123549303142208| ❌ Keene, New Hampshire failed: {"message":"You have exceeded the rate limit per second for your plan, PRO, by the API provider"}
2025-10-21 19:32:27.792 | PID:183 | TID123549303142208| ❌ Hanover, New Hampshire failed: <html>
<head><title>504 Gateway Time-out</title></head>
<body>
<center><h1>504 Gateway Time-out</h1></center>
</body>
</html>

2025-10-21 19:32:28.233 | PID:183 | TID123549303142208| ❌ Lebanon, New Hampshire failed: {"message":"You have exceeded the rate limit per second for your plan, PRO, by the API provider"}
2025-10-21 19:32:39.212 | PID:183 | TID123549303142208| ❌ Exeter, New Hampshire failed: {"message":"You have exceeded the rate limit per second for your plan, PRO, by the API provider"}
2025-10-21 19:32:41.962 | PID:183 | TID123549303142208| ❌ Milwaukee, Wisconsin failed: {"message":"You have exceeded the rate limit per second for your plan, PRO, by the API provider"}
2025-10-21 19:32:42.418 | PID:183 | TID123549303142208| ❌ Madison, Wisconsin failed: {"message":"You have exceeded the rate limit per second for your plan, PRO, by the API provider"}
2025-10-21 19:32:45.064 | PID:183 | TID123549303142208| ❌ Kenosha, Wisconsin failed: {"message":"You have exceeded the rate limit per second for your plan, PRO, by the API provider"}
2025-10-21 19:32:45.519 | PID:183 | TID123549303142208| ❌ Racine, Wisconsin failed: {"message":"You have exceeded the rate limit per second for your plan, PRO, by the API provider"}
2025-10-21 19:32:48.390 | PID:183 | TID123549303142208| ❌ Eau Claire, Wisconsin failed: {"message":"You have exceeded the rate limit per second for your plan, PRO, by the API provider"}
2025-10-21 19:32:51.266 | PID:183 | TID123549303142208| ❌ La Crosse, Wisconsin failed: {"message":"You have exceeded the rate limit per second for your plan, PRO, by the API provider"}
2025-10-21 19:57:08.319 | PID:208 | TID139223009142592| ❌ Orlando, Florida failed: {"message":"You have exceeded the rate limit per second for your plan, PRO, by the API provider"}
2025-10-21 19:57:08.846 | PID:208 | TID139223009142592| ❌ Miami, Florida failed: {"message":"You have exceeded the rate limit per second for your plan, PRO, by the API provider"}
2025-10-21 19:57:09.187 | PID:208 | TID139223009142592| ❌ Key West, Florida failed: {"message":"You have exceeded the rate limit per second for your plan, PRO, by the API provider"}
2025-10-21 19:57:11.869 | PID:208 | TID139223009142592| ❌ Tampa, Florida failed: {"message":"You have exceeded the rate limit per second for your plan, PRO, by the API provider"}
2025-10-21 19:57:12.285 | PID:208 | TID139223009142592| ❌ Clearwater, Florida failed: {"message":"You have exceeded the rate limit per second for your plan, PRO, by the API provider"}
2025-10-21 19:57:15.123 | PID:208 | TID139223009142592| ❌ Ft. Walton Beach , FloridaAustin, Texas failed: {"message":"You have exceeded the rate limit per second for your plan, PRO, by the API provider"}
2025-10-21 19:57:17.723 | PID:208 | TID139223009142592| ❌ Galveston, Texas failed: {"message":"You have exceeded the rate limit per second for your plan, PRO, by the API provider"}
2025-10-21 19:57:18.065 | PID:208 | TID139223009142592| ❌ Wilmington, North Carolina failed: {"message":"You have exceeded the rate limit per second for your plan, PRO, by the API provider"}
2025-10-21 19:57:18.509 | PID:208 | TID139223009142592| ❌ Boone, North Carolina failed: {"message":"You have exceeded the rate limit per second for your plan, PRO, by the API provider"}
2025-10-21 19:57:21.117 | PID:208 | TID139223009142592| ❌ Cleveland, Georgia failed: {"message":"You have exceeded the rate limit per second for your plan, PRO, by the API provider"}
2025-10-21 19:57:23.826 | PID:208 | TID139223009142592| ❌ Columbus, Georgia failed: {"message":"You have exceeded the rate limit per second for your plan, PRO, by the API provider"}
2025-10-21 19:57:24.280 | PID:208 | TID139223009142592| ❌ Virgina Beach, Virgina failed: {"message":"You have exceeded the rate limit per second for your plan, PRO, by the API provider"}
2025-10-21 19:57:26.998 | PID:208 | TID139223009142592| ❌ Traverse City, Michigan failed: {"message":"You have exceeded the rate limit per second for your plan, PRO, by the API provider"}
2025-10-21 19:57:27.479 | PID:208 | TID139223009142592| ❌ Ann Arbor, Michigan failed: {"message":"You have exceeded the rate limit per second for your plan, PRO, by the API provider"}
2025-10-21 19:57:37.771 | PID:208 | TID139223009142592| ❌ Ocala, Florida failed: {"message":"You have exceeded the rate limit per second for your plan, PRO, by the API provider"}
2025-10-21 19:57:38.141 | PID:208 | TID139223009142592| ❌ Daytona Beach, Florida failed: {"message":"You have exceeded the rate limit per second for your plan, PRO, by the API provider"}
2025-10-21 19:57:38.487 | PID:208 | TID139223009142592| ❌ Fort Lauderdale, Florida failed: {"message":"You have exceeded the rate limit per second for your plan, PRO, by the API provider"}
2025-10-21 19:57:46.414 | PID:208 | TID139223009142592| ❌ Sarasota, Florida failed: {"message":"You have exceeded the rate limit per second for your plan, PRO, by the API provider"}
2025-10-21 19:57:49.147 | PID:208 | TID139223009142592| ❌ Destin, Florida failed: {"message":"You have exceeded the rate limit per second for your plan, PRO, by the API provider"}
2025-10-21 19:57:55.046 | PID:208 | TID139223009142592| ❌ Port St. Lucie, Florida failed: {"message":"You have exceeded the rate limit per second for your plan, PRO, by the API provider"}
2025-10-21 19:57:55.410 | PID:208 | TID139223009142592| ❌ Detroit, Michigan failed: {"message":"You have exceeded the rate limit per second for your plan, PRO, by the API provider"}
2025-10-21 19:57:58.603 | PID:208 | TID139223009142592| ❌ Flint, Michigan failed: {"message":"You have exceeded the rate limit per second for your plan, PRO, by the API provider"}
2025-10-21 19:57:59.052 | PID:208 | TID139223009142592| ❌ Kalamazoo, Michigan failed: {"message":"You have exceeded the rate limit per second for your plan, PRO, by the API provider"}
2025-10-21 19:57:59.451 | PID:208 | TID139223009142592| ❌ Battle Creek, Michigan failed: {"message":"You have exceeded the rate limit per second for your plan, PRO, by the API provider"}
2025-10-21 19:58:07.700 | PID:208 | TID139223009142592| ❌ Petoskey, Michigan failed: {"message":"You have exceeded the rate limit per second for your plan, PRO, by the API provider"}
2025-10-21 19:58:08.172 | PID:208 | TID139223009142592| ❌ Bay City, Michigan failed: {"message":"You have exceeded the rate limit per second for your plan, PRO, by the API provider"}
2025-10-21 19:58:13.312 | PID:208 | TID139223009142592| ❌ Savannah, Georgia failed: {"message":"You have exceeded the rate limit per second for your plan, PRO, by the API provider"}
2025-10-21 19:58:18.684 | PID:208 | TID139223009142592| ❌ Valdosta, Georgia failed: {"message":"You have exceeded the rate limit per second for your plan, PRO, by the API provider"}
2025-10-21 19:58:19.160 | PID:208 | TID139223009142592| ❌ Athens, Georgia failed: {"message":"You have exceeded the rate limit per second for your plan, PRO, by the API provider"}
2025-10-21 19:58:30.392 | PID:208 | TID139223009142592| ❌ Raleigh, North Carolina failed: {"message":"You have exceeded the rate limit per second for your plan, PRO, by the API provider"}
2025-10-21 19:58:33.810 | PID:208 | TID139223009142592| ❌ Greensboro, North Carolina failed: {"message":"You have exceeded the rate limit per second for your plan, PRO, by the API provider"}
2025-10-21 19:58:42.038 | PID:208 | TID139223009142592| ❌ Cary, North Carolina failed: {"message":"You have exceeded the rate limit per second for your plan, PRO, by the API provider"}
2025-10-21 19:58:47.365 | PID:208 | TID139223009142592| ❌ Houston, Texas failed: {"message":"You have exceeded the rate limit per second for your plan, PRO, by the API provider"}
2025-10-21 19:58:53.332 | PID:208 | TID139223009142592| ❌ El Paso, Texas failed: {"message":"You have exceeded the rate limit per second for your plan, PRO, by the API provider"}
2025-10-21 19:58:58.140 | PID:208 | TID139223009142592| ❌ Amarillo, Texas failed: {"message":"You have exceeded the rate limit per second for your plan, PRO, by the API provider"}
2025-10-21 19:59:03.597 | PID:208 | TID139223009142592| ❌ Denton, Texas failed: {"message":"You have exceeded the rate limit per second for your plan, PRO, by the API provider"}
2025-10-21 19:59:03.943 | PID:208 | TID139223009142592| ❌ Nashville, Tennessee failed: {"message":"You have exceeded the rate limit per second for your plan, PRO, by the API provider"}
2025-10-21 19:59:04.413 | PID:208 | TID139223009142592| ❌ Memphis, Tennessee failed: {"message":"You have exceeded the rate limit per second for your plan, PRO, by the API provider"}
2025-10-21 19:59:07.434 | PID:208 | TID139223009142592| ❌ Chattanooga, Tennessee failed: {"message":"You have exceeded the rate limit per second for your plan, PRO, by the API provider"}
2025-10-21 19:59:12.787 | PID:208 | TID139223009142592| ❌ Franklin, Tennessee failed: {"message":"You have exceeded the rate limit per second for your plan, PRO, by the API provider"}
2025-10-21 19:59:18.179 | PID:208 | TID139223009142592| ❌ Johnson City, Tennessee failed: {"message":"You have exceeded the rate limit per second for your plan, PRO, by the API provider"}
2025-10-21 19:59:21.021 | PID:208 | TID139223009142592| ❌ Springfield, Illinois failed: {"message":"You have exceeded the rate limit per second for your plan, PRO, by the API provider"}
2025-10-21 19:59:21.611 | PID:208 | TID139223009142592| ❌ Peoria, Illinois failed: {"message":"You have exceeded the rate limit per second for your plan, PRO, by the API provider"}
2025-10-21 19:59:38.359 | PID:208 | TID139223009142592| ❌ Bloomington, Illinois failed: {"message":"You have exceeded the rate limit per second for your plan, PRO, by the API provider"}
2025-10-21 19:59:43.679 | PID:208 | TID139223009142592| ❌ Decatur, Illinois failed: {"message":"You have exceeded the rate limit per second for your plan, PRO, by the API provider"}
2025-10-21 19:59:44.109 | PID:208 | TID139223009142592| ❌ Joliet, Illinois failed: {"message":"You have exceeded the rate limit per second for your plan, PRO, by the API provider"}
2025-10-21 19:59:44.488 | PID:208 | TID139223009142592| ❌ Phoenix, Arizona failed: {"message":"You have exceeded the rate limit per second for your plan, PRO, by the API provider"}
2025-10-21 19:59:54.116 | PID:208 | TID139223009142592| ❌ Flagstaff, Arizona failed: {"message":"You have exceeded the rate limit per second for your plan, PRO, by the API provider"}
2025-10-21 19:59:58.967 | PID:208 | TID139223009142592| ❌ Yuma, Arizona failed: {"message":"You have exceeded the rate limit per second for your plan, PRO, by the API provider"}
2025-10-21 19:59:59.349 | PID:208 | TID139223009142592| ❌ Glendale, Arizona failed: {"message":"You have exceeded the rate limit per second for your plan, PRO, by the API provider"}
2025-10-21 20:00:04.607 | PID:208 | TID139223009142592| ❌ Ogden, Utah failed: {"message":"You have exceeded the rate limit per second for your plan, PRO, by the API provider"}
2025-10-21 20:00:05.022 | PID:208 | TID139223009142592| ❌ Park City, Utah failed: {"message":"You have exceeded the rate limit per second for your plan, PRO, by the API provider"}
2025-10-21 20:00:05.467 | PID:208 | TID139223009142592| ❌ St. George, Utah failed: {"message":"You have exceeded the rate limit per second for your plan, PRO, by the API provider"}
2025-10-21 20:00:14.992 | PID:208 | TID139223009142592| ❌ Layton, Utah failed: {"message":"You have exceeded the rate limit per second for your plan, PRO, by the API provider"}
2025-10-21 20:00:15.368 | PID:208 | TID139223009142592| ❌ Portland, Oregon failed: {"message":"You have exceeded the rate limit per second for your plan, PRO, by the API provider"}
2025-10-21 20:00:18.024 | PID:208 | TID139223009142592| ❌ Salem, Oregon failed: {"message":"You have exceeded the rate limit per second for your plan, PRO, by the API provider"}
2025-10-21 20:00:21.172 | PID:208 | TID139223009142592| ❌ Medford, Oregon failed: {"message":"You have exceeded the rate limit per second for your plan, PRO, by the API provider"}
2025-10-21 20:00:24.412 | PID:208 | TID139223009142592| ❌ Ashland, Oregon failed: {"message":"You have exceeded the rate limit per second for your plan, PRO, by the API provider"}
2025-10-21 20:00:27.111 | PID:208 | TID139223009142592| ❌ Gresham, Oregon failed: {"message":"You have exceeded the rate limit per second for your plan, PRO, by the API provider"}
2025-10-21 20:00:29.978 | PID:208 | TID139223009142592| ❌ Billings, Montana failed: {"message":"You have exceeded the rate limit per second for your plan, PRO, by the API provider"}
2025-10-21 20:00:30.464 | PID:208 | TID139223009142592| ❌ Missoula, Montana failed: {"message":"You have exceeded the rate limit per second for your plan, PRO, by the API provider"}
2025-10-21 20:00:43.902 | PID:208 | TID139223009142592| ❌ Whitefish, Montana failed: {"message":"You have exceeded the rate limit per second for your plan, PRO, by the API provider"}
2025-10-21 20:00:44.431 | PID:208 | TID139223009142592| ❌ Livingston, Montana failed: {"message":"You have exceeded the rate limit per second for your plan, PRO, by the API provider"}
2025-10-21 20:00:47.135 | PID:208 | TID139223009142592| ❌ Las Vegas, Nevada failed: {"message":"You have exceeded the rate limit per second for your plan, PRO, by the API provider"}
2025-10-21 20:01:09.305 | PID:208 | TID139223009142592| ❌ Boulder City, Nevada failed: {"message":"You have exceeded the rate limit per second for your plan, PRO, by the API provider"}
2025-10-21 20:01:09.753 | PID:208 | TID139223009142592| ❌ Charleston, West Virginia failed: {"message":"You have exceeded the rate limit per second for your plan, PRO, by the API provider"}
2025-10-21 20:01:10.470 | PID:208 | TID139223009142592| ❌ Morgantown, West Virginia failed: {"message":"You have exceeded the rate limit per second for your plan, PRO, by the API provider"}
2025-10-21 20:01:30.645 | PID:208 | TID139223009142592| ❌ Fairmont, West Virginia failed: {"message":"You have exceeded the rate limit per second for your plan, PRO, by the API provider"}
2025-10-21 20:01:31.097 | PID:208 | TID139223009142592| ❌ Parkersburg, West Virginia failed: {"message":"You have exceeded the rate limit per second for your plan, PRO, by the API provider"}
2025-10-21 20:01:43.806 | PID:208 | TID139223009142592| ❌ Clarksburg, West Virginia failed: {"message":"You have exceeded the rate limit per second for your plan, PRO, by the API provider"}
2025-10-21 20:01:44.207 | PID:208 | TID139223009142592| ❌ Cheyenne, Wyoming failed: {"message":"You have exceeded the rate limit per second for your plan, PRO, by the API provider"}
2025-10-21 20:01:46.193 | PID:208 | TID139223009142592| ❌ Casper, Wyoming failed: {"message":"You have exceeded the rate limit per second for your plan, PRO, by the API provider"}
2025-10-21 20:01:46.622 | PID:208 | TID139223009142592| ❌ Jackson, Wyoming failed: {"message":"You have exceeded the rate limit per second for your plan, PRO, by the API provider"}
2025-10-21 20:01:47.004 | PID:208 | TID139223009142592| ❌ Laramie, Wyoming failed: {"message":"You have exceeded the rate limit per second for your plan, PRO, by the API provider"}
2025-10-21 20:01:47.465 | PID:208 | TID139223009142592| ❌ Rock Springs, Wyoming failed: {"message":"You have exceeded the rate limit per second for your plan, PRO, by the API provider"}
2025-10-21 20:01:50.263 | PID:208 | TID139223009142592| ❌ Sheridan, Wyoming failed: {"message":"You have exceeded the rate limit per second for your plan, PRO, by the API provider"}
2025-10-21 20:01:52.847 | PID:208 | TID139223009142592| ❌ Riverton, Wyoming failed: {"message":"You have exceeded the rate limit per second for your plan, PRO, by the API provider"}
2025-10-21 20:01:56.023 | PID:208 | TID139223009142592| ❌ Sioux Falls, South Dakota failed: {"message":"You have exceeded the rate limit per second for your plan, PRO, by the API provider"}
2025-10-21 20:01:59.004 | PID:208 | TID139223009142592| ❌ Brookings, South Dakota failed: {"message":"You have exceeded the rate limit per second for your plan, PRO, by the API provider"}
2025-10-21 20:01:59.459 | PID:208 | TID139223009142592| ❌ Aberdeen, South Dakota failed: {"message":"You have exceeded the rate limit per second for your plan, PRO, by the API provider"}
2025-10-21 20:02:07.419 | PID:208 | TID139223009142592| ❌ Vermillion, South Dakota failed: {"message":"You have exceeded the rate limit per second for your plan, PRO, by the API provider"}
2025-10-21 20:02:07.926 | PID:208 | TID139223009142592| ❌ Pierre, South Dakota failed: {"message":"You have exceeded the rate limit per second for your plan, PRO, by the API provider"}
2025-10-21 20:02:08.336 | PID:208 | TID139223009142592| ❌ Huron, South Dakota failed: {"message":"You have exceeded the rate limit per second for your plan, PRO, by the API provider"}
2025-10-21 20:02:11.217 | PID:208 | TID139223009142592| ❌ Bismarck, North Dakota failed: {"message":"You have exceeded the rate limit per second for your plan, PRO, by the API provider"}
2025-10-21 20:02:13.918 | PID:208 | TID139223009142592| ❌ Minot, North Dakota failed: {"message":"You have exceeded the rate limit per second for your plan, PRO, by the API provider"}
2025-10-21 20:02:14.291 | PID:208 | TID139223009142592| ❌ Dickinson, North Dakota failed: {"message":"You have exceeded the rate limit per second for your plan, PRO, by the API provider"}
2025-10-21 20:02:20.071 | PID:208 | TID139223009142592| ❌ Jamestown, North Dakota failed: {"message":"You have exceeded the rate limit per second for your plan, PRO, by the API provider"}
2025-10-21 20:02:20.445 | PID:208 | TID139223009142592| ❌ West Fargo, North Dakota failed: {"message":"You have exceeded the rate limit per second for your plan, PRO, by the API provider"}
2025-10-21 20:02:23.031 | PID:208 | TID139223009142592| ❌ Charleston, South Carolina failed: {"message":"You have exceeded the rate limit per second for your plan, PRO, by the API provider"}
2025-10-21 20:02:23.444 | PID:208 | TID139223009142592| ❌ Columbia, South Carolina failed: {"message":"You have exceeded the rate limit per second for your plan, PRO, by the API provider"}
2025-10-21 20:02:30.761 | PID:208 | TID139223009142592| ❌ Florence, South Carolina failed: {"message":"You have exceeded the rate limit per second for your plan, PRO, by the API provider"}
2025-10-21 20:02:31.130 | PID:208 | TID139223009142592| ❌ Beaufort, South Carolina failed: {"message":"You have exceeded the rate limit per second for your plan, PRO, by the API provider"}
2025-10-21 20:02:35.999 | PID:208 | TID139223009142592| ❌ Anderson, South Carolina failed: {"message":"You have exceeded the rate limit per second for your plan, PRO, by the API provider"}
2025-10-21 20:02:36.369 | PID:208 | TID139223009142592| ❌ Albuquerque, New Mexico failed: {"message":"You have exceeded the rate limit per second for your plan, PRO, by the API provider"}
2025-10-21 20:02:39.066 | PID:208 | TID139223009142592| ❌ Las Cruces, New Mexico failed: {"message":"You have exceeded the rate limit per second for your plan, PRO, by the API provider"}
2025-10-21 20:02:41.779 | PID:208 | TID139223009142592| ❌ Farmington, New Mexico failed: {"message":"You have exceeded the rate limit per second for your plan, PRO, by the API provider"}
2025-10-21 20:02:42.283 | PID:208 | TID139223009142592| ❌ Taos, New Mexico failed: {"message":"You have exceeded the rate limit per second for your plan, PRO, by the API provider"}
2025-10-21 20:02:45.098 | PID:208 | TID139223009142592| ❌ Carlsbad, New Mexico failed: {"message":"You have exceeded the rate limit per second for your plan, PRO, by the API provider"}
2025-10-21 20:02:49.959 | PID:208 | TID139223009142592| ❌ Philadelphia, Pennsylvania failed: {"message":"You have exceeded the rate limit per second for your plan, PRO, by the API provider"}
2025-10-21 20:02:50.367 | PID:208 | TID139223009142592| ❌ Pittsburgh, Pennsylvania failed: {"message":"You have exceeded the rate limit per second for your plan, PRO, by the API provider"}
2025-10-21 20:02:53.090 | PID:208 | TID139223009142592| ❌ Allentown, Pennsylvania failed: {"message":"You have exceeded the rate limit per second for your plan, PRO, by the API provider"}
2025-10-21 20:02:58.201 | PID:208 | TID139223009142592| ❌ Lancaster, Pennsylvania failed: {"message":"You have exceeded the rate limit per second for your plan, PRO, by the API provider"}
2025-10-21 20:03:05.774 | PID:208 | TID139223009142592| ❌ Oklahoma City, Oklahoma failed: {"message":"You have exceeded the rate limit per second for your plan, PRO, by the API provider"}
2025-10-21 20:03:06.157 | PID:208 | TID139223009142592| ❌ Tulsa, Oklahoma failed: {"message":"You have exceeded the rate limit per second for your plan, PRO, by the API provider"}
2025-10-21 20:03:11.117 | PID:208 | TID139223009142592| ❌ Edmond, Oklahoma failed: {"message":"You have exceeded the rate limit per second for your plan, PRO, by the API provider"}
2025-10-21 20:03:18.718 | PID:208 | TID139223009142592| ❌ Enid, Oklahoma failed: {"message":"You have exceeded the rate limit per second for your plan, PRO, by the API provider"}
2025-10-21 20:03:19.080 | PID:208 | TID139223009142592| ❌ Ardmore, Oklahoma failed: {"message":"You have exceeded the rate limit per second for your plan, PRO, by the API provider"}
2025-10-21 20:03:21.841 | PID:208 | TID139223009142592| ❌ Jersey City, New Jersey failed: {"message":"You have exceeded the rate limit per second for your plan, PRO, by the API provider"}
2025-10-21 20:03:22.274 | PID:208 | TID139223009142592| ❌ Atlantic City, New Jersey failed: {"message":"You have exceeded the rate limit per second for your plan, PRO, by the API provider"}
2025-10-21 20:03:27.253 | PID:208 | TID139223009142592| ❌ Camden, New Jersey failed: {"message":"You have exceeded the rate limit per second for your plan, PRO, by the API provider"}
2025-10-21 20:03:34.549 | PID:208 | TID139223009142592| ❌ Cherry Hill, New Jersey failed: {"message":"You have exceeded the rate limit per second for your plan, PRO, by the API provider"}
2025-10-21 20:03:34.914 | PID:208 | TID139223009142592| ❌ Louisville, Kentucky failed: {"message":"You have exceeded the rate limit per second for your plan, PRO, by the API provider"}
2025-10-21 20:03:35.317 | PID:208 | TID139223009142592| ❌ Lexington, Kentucky failed: {"message":"You have exceeded the rate limit per second for your plan, PRO, by the API provider"}
2025-10-21 20:03:40.201 | PID:208 | TID139223009142592| ❌ Frankfort, Kentucky failed: {"message":"You have exceeded the rate limit per second for your plan, PRO, by the API provider"}
2025-10-21 20:03:43.141 | PID:208 | TID139223009142592| ❌ Covington, Kentucky failed: {"message":"You have exceeded the rate limit per second for your plan, PRO, by the API provider"}
2025-10-21 20:03:56.010 | PID:208 | TID139223009142592| ❌ Topeka, Kansas failed: {"message":"You have exceeded the rate limit per second for your plan, PRO, by the API provider"}
2025-10-21 20:03:56.399 | PID:208 | TID139223009142592| ❌ Kansas City, Kansas failed: {"message":"You have exceeded the rate limit per second for your plan, PRO, by the API provider"}
2025-10-21 20:03:59.106 | PID:208 | TID139223009142592| ❌ Overland Park, Kansas failed: {"message":"You have exceeded the rate limit per second for your plan, PRO, by the API provider"}
2025-10-21 20:04:01.985 | PID:208 | TID139223009142592| ❌ Manhattan, Kansas failed: {"message":"You have exceeded the rate limit per second for your plan, PRO, by the API provider"}
2025-10-21 20:04:02.507 | PID:208 | TID139223009142592| ❌ Hutchinson, Kansas failed: {"message":"You have exceeded the rate limit per second for your plan, PRO, by the API provider"}
2025-10-21 20:04:07.939 | PID:208 | TID139223009142592| ❌ New Orleans, Louisiana failed: {"message":"You have exceeded the rate limit per second for your plan, PRO, by the API provider"}
2025-10-21 20:04:08.482 | PID:208 | TID139223009142592| ❌ Baton Rouge, Louisiana failed: {"message":"You have exceeded the rate limit per second for your plan, PRO, by the API provider"}
2025-10-21 20:04:30.175 | PID:208 | TID139223009142592| ❌ Alexandria, Louisiana failed: {"message":"You have exceeded the rate limit per second for your plan, PRO, by the API provider"}
2025-10-21 20:04:32.857 | PID:208 | TID139223009142592| ❌ Natchitoches, Louisiana failed: {"message":"You have exceeded the rate limit per second for your plan, PRO, by the API provider"}
2025-10-21 20:04:33.247 | PID:208 | TID139223009142592| ❌ Slidell, Louisiana failed: {"message":"You have exceeded the rate limit per second for your plan, PRO, by the API provider"}
2025-10-21 20:04:36.017 | PID:208 | TID139223009142592| ❌ Augusta, Maine failed: {"message":"You have exceeded the rate limit per second for your plan, PRO, by the API provider"}
2025-10-21 20:04:44.124 | PID:208 | TID139223009142592| ❌ Lewiston, Maine failed: {"message":"You have exceeded the rate limit per second for your plan, PRO, by the API provider"}
2025-10-21 20:05:23.912 | PID:208 | TID139223009142592| ❌ Camden, Maine failed: {"message":"You have exceeded the rate limit per second for your plan, PRO, by the API provider"}
2025-10-21 20:05:24.298 | PID:208 | TID139223009142592| ❌ Kennebunkport, Maine failed: {"message":"You have exceeded the rate limit per second for your plan, PRO, by the API provider"}
2025-10-21 20:05:27.034 | PID:208 | TID139223009142592| ❌ Annapolis, Maryland failed: {"message":"You have exceeded the rate limit per second for your plan, PRO, by the API provider"}
2025-10-21 20:05:27.470 | PID:208 | TID139223009142592| ❌ Frederick, Maryland failed: {"message":"You have exceeded the rate limit per second for your plan, PRO, by the API provider"}
2025-10-21 20:05:30.165 | PID:208 | TID139223009142592| ❌ Gaithersburg, Maryland failed: {"message":"You have exceeded the rate limit per second for your plan, PRO, by the API provider"}
2025-10-21 20:05:45.023 | PID:208 | TID139223009142592| ❌ Worcester, Massachusetts failed: {"message":"You have exceeded the rate limit per second for your plan, PRO, by the API provider"}
2025-10-21 20:05:45.495 | PID:208 | TID139223009142592| ❌ Springfield, Massachusetts failed: {"message":"You have exceeded the rate limit per second for your plan, PRO, by the API provider"}
2025-10-21 20:05:50.674 | PID:208 | TID139223009142592| ❌ Salem, Massachusetts failed: {"message":"You have exceeded the rate limit per second for your plan, PRO, by the API provider"}
2025-10-21 20:05:51.056 | PID:208 | TID139223009142592| ❌ New Bedford, Massachusetts failed: {"message":"You have exceeded the rate limit per second for your plan, PRO, by the API provider"}
2025-10-21 20:05:51.497 | PID:208 | TID139223009142592| ❌ Plymouth, Massachusetts failed: {"message":"You have exceeded the rate limit per second for your plan, PRO, by the API provider"}
2025-10-21 20:05:56.660 | PID:208 | TID139223009142592| ❌ Denver, Colorado failed: {"message":"You have exceeded the rate limit per second for your plan, PRO, by the API provider"}
2025-10-21 20:05:57.107 | PID:208 | TID139223009142592| ❌ Colorado Springs, Colorado failed: {"message":"You have exceeded the rate limit per second for your plan, PRO, by the API provider"}
2025-10-21 20:06:05.047 | PID:208 | TID139223009142592| ❌ Vail, Colorado failed: {"message":"You have exceeded the rate limit per second for your plan, PRO, by the API provider"}
2025-10-21 20:06:10.003 | PID:208 | TID139223009142592| ❌ Grand Junction, Colorado failed: {"message":"You have exceeded the rate limit per second for your plan, PRO, by the API provider"}
2025-10-21 20:06:10.409 | PID:208 | TID139223009142592| ❌ Pueblo, Colorado failed: {"message":"You have exceeded the rate limit per second for your plan, PRO, by the API provider"}
2025-10-21 20:06:13.176 | PID:208 | TID139223009142592| ❌ Juneau, Alaska failed: {"message":"You have exceeded the rate limit per second for your plan, PRO, by the API provider"}
2025-10-21 20:06:17.988 | PID:208 | TID139223009142592| ❌ Sitka, Alaska failed: {"message":"You have exceeded the rate limit per second for your plan, PRO, by the API provider"}
2025-10-21 20:06:18.397 | PID:208 | TID139223009142592| ❌ Ketchikan, Alaska failed: {"message":"You have exceeded the rate limit per second for your plan, PRO, by the API provider"}
2025-10-21 20:06:23.969 | PID:208 | TID139223009142592| ❌ Wasilla, Alaska failed: {"message":"You have exceeded the rate limit per second for your plan, PRO, by the API provider"}
2025-10-21 20:06:24.416 | PID:208 | TID139223009142592| ❌ Kenai, Alaska failed: {"message":"You have exceeded the rate limit per second for your plan, PRO, by the API provider"}
2025-10-21 20:06:27.127 | PID:208 | TID139223009142592| ❌ Montgomery, Alabama failed: {"message":"You have exceeded the rate limit per second for your plan, PRO, by the API provider"}
2025-10-21 20:06:27.490 | PID:208 | TID139223009142592| ❌ Mobile, Alabama failed: {"message":"You have exceeded the rate limit per second for your plan, PRO, by the API provider"}
2025-10-21 20:06:37.082 | PID:208 | TID139223009142592| ❌ Florence, Alabama failed: {"message":"You have exceeded the rate limit per second for your plan, PRO, by the API provider"}
2025-10-21 20:06:45.262 | PID:208 | TID139223009142592| ❌ Little Rock, Arkansas failed: {"message":"You have exceeded the rate limit per second for your plan, PRO, by the API provider"}
2025-10-21 20:06:48.125 | PID:208 | TID139223009142592| ❌ Bentonville, Arkansas failed: {"message":"You have exceeded the rate limit per second for your plan, PRO, by the API provider"}
2025-10-21 20:06:56.594 | PID:208 | TID139223009142592| ❌ Conway, Arkansas failed: {"message":"You have exceeded the rate limit per second for your plan, PRO, by the API provider"}
2025-10-21 20:06:57.087 | PID:208 | TID139223009142592| ❌ Springdale, Arkansas failed: {"message":"You have exceeded the rate limit per second for your plan, PRO, by the API provider"}
2025-10-21 20:07:05.485 | PID:208 | TID139223009142592| ❌ Nashua, New Hampshire failed: {"message":"You have exceeded the rate limit per second for your plan, PRO, by the API provider"}
2025-10-21 20:07:13.204 | PID:208 | TID139223009142592| ❌ Keene, New Hampshire failed: {"message":"You have exceeded the rate limit per second for your plan, PRO, by the API provider"}
2025-10-21 20:07:16.185 | PID:208 | TID139223009142592| ❌ Lebanon, New Hampshire failed: {"message":"You have exceeded the rate limit per second for your plan, PRO, by the API provider"}
2025-10-21 20:07:18.870 | PID:208 | TID139223009142592| ❌ Claremont, New Hampshire failed: {"message":"You have exceeded the rate limit per second for your plan, PRO, by the API provider"}
2025-10-21 20:07:19.233 | PID:208 | TID139223009142592| ❌ Milwaukee, Wisconsin failed: {"message":"You have exceeded the rate limit per second for your plan, PRO, by the API provider"}
2025-10-21 20:07:29.124 | PID:208 | TID139223009142592| ❌ Appleton, Wisconsin failed: {"message":"You have exceeded the rate limit per second for your plan, PRO, by the API provider"}
