[2025-10-21T19:57:07.332+0000] {local_task_job_runner.py:120} INFO - ::group::Pre task execution logs
[2025-10-21T19:57:07.387+0000] {taskinstance.py:2076} INFO - Dependencies all met for dep_context=non-requeueable deps ti=<TaskInstance: airbnb_etl_pipeline.extract_airbnb_forsale manual__2025-10-21T19:57:05.716903+00:00 [queued]>
[2025-10-21T19:57:07.414+0000] {taskinstance.py:2076} INFO - Dependencies all met for dep_context=requeueable deps ti=<TaskInstance: airbnb_etl_pipeline.extract_airbnb_forsale manual__2025-10-21T19:57:05.716903+00:00 [queued]>
[2025-10-21T19:57:07.415+0000] {taskinstance.py:2306} INFO - Starting attempt 1 of 2
[2025-10-21T19:57:07.433+0000] {taskinstance.py:2330} INFO - Executing <Task(PythonOperator): extract_airbnb_forsale> on 2025-10-21 19:57:05.716903+00:00
[2025-10-21T19:57:07.443+0000] {standard_task_runner.py:63} INFO - Started process 209 to run task
[2025-10-21T19:57:07.447+0000] {standard_task_runner.py:90} INFO - Running: ['***', 'tasks', 'run', 'airbnb_etl_pipeline', 'extract_airbnb_forsale', 'manual__2025-10-21T19:57:05.716903+00:00', '--job-id', '29', '--raw', '--subdir', 'DAGS_FOLDER/airbnb_etl_dag.py', '--cfg-path', '/tmp/tmpo71smgn6']
[2025-10-21T19:57:07.451+0000] {standard_task_runner.py:91} INFO - Job 29: Subtask extract_airbnb_forsale
[2025-10-21T19:57:07.545+0000] {task_command.py:426} INFO - Running <TaskInstance: airbnb_etl_pipeline.extract_airbnb_forsale manual__2025-10-21T19:57:05.716903+00:00 [running]> on host b58697e26e05
[2025-10-21T19:57:07.647+0000] {taskinstance.py:2648} INFO - Exporting env vars: AIRFLOW_CTX_DAG_OWNER='***' AIRFLOW_CTX_DAG_ID='airbnb_etl_pipeline' AIRFLOW_CTX_TASK_ID='extract_airbnb_forsale' AIRFLOW_CTX_EXECUTION_DATE='2025-10-21T19:57:05.716903+00:00' AIRFLOW_CTX_TRY_NUMBER='1' AIRFLOW_CTX_DAG_RUN_ID='manual__2025-10-21T19:57:05.716903+00:00'
[2025-10-21T19:57:07.650+0000] {taskinstance.py:430} INFO - ::endgroup::
[2025-10-21T19:57:07.686+0000] {logging_mixin.py:188} INFO - Fetching: Orlando, Florida
[2025-10-21T19:57:10.636+0000] {logging_mixin.py:188} INFO - Fetching: Miami, Florida
[2025-10-21T19:57:12.876+0000] {logging_mixin.py:188} INFO - Fetching: Key West, Florida
[2025-10-21T19:57:14.444+0000] {logging_mixin.py:188} INFO - Fetching: St. Augustine, Florida
[2025-10-21T19:57:16.683+0000] {logging_mixin.py:188} INFO - Fetching: Tampa, Florida
[2025-10-21T19:57:18.880+0000] {logging_mixin.py:188} INFO - Fetching: Clearwater, Florida
[2025-10-21T19:57:20.280+0000] {logging_mixin.py:188} INFO - Fetching: Kissimmee, Florida
[2025-10-21T19:57:22.549+0000] {logging_mixin.py:188} INFO - Fetching: Ft. Walton Beach , FloridaAustin, Texas
[2025-10-21T19:57:24.478+0000] {logging_mixin.py:188} INFO - Fetching: San Antonio, Texas
[2025-10-21T19:57:25.938+0000] {logging_mixin.py:188} INFO - Fetching: Galveston, Texas
[2025-10-21T19:57:28.138+0000] {logging_mixin.py:188} INFO - Fetching: Wilmington, North Carolina
[2025-10-21T19:57:30.718+0000] {logging_mixin.py:188} INFO - Fetching: Boone, North Carolina
[2025-10-21T19:57:32.154+0000] {logging_mixin.py:188} INFO - Fetching: Lake Norman, North Carolina
[2025-10-21T19:57:33.545+0000] {logging_mixin.py:188} INFO - Fetching: Cleveland, Georgia
[2025-10-21T19:57:35.750+0000] {logging_mixin.py:188} INFO - Fetching: Helen, Georgia
[2025-10-21T19:57:37.180+0000] {logging_mixin.py:188} INFO - Fetching: Columbus, Georgia
[2025-10-21T19:57:39.489+0000] {logging_mixin.py:188} INFO - Fetching: Virgina Beach, Virgina
[2025-10-21T19:57:41.699+0000] {logging_mixin.py:188} INFO - Fetching: Washington, D.C
[2025-10-21T19:57:43.084+0000] {logging_mixin.py:188} INFO - Fetching: Traverse City, Michigan
[2025-10-21T19:57:44.809+0000] {logging_mixin.py:188} INFO - Fetching: Ann Arbor, Michigan
[2025-10-21T19:57:47.893+0000] {logging_mixin.py:188} INFO - Fetching: Grand Rapids, Michigan
[2025-10-21T19:57:50.167+0000] {logging_mixin.py:188} INFO - Fetching: Jacksonville, Florida
[2025-10-21T19:57:53.007+0000] {logging_mixin.py:188} INFO - Fetching: Tallahassee, Florida
[2025-10-21T19:57:54.430+0000] {logging_mixin.py:188} INFO - Fetching: Gainesville, Florida
[2025-10-21T19:57:56.586+0000] {logging_mixin.py:188} INFO - Fetching: Ocala, Florida
[2025-10-21T19:57:57.999+0000] {logging_mixin.py:188} INFO - Fetching: Daytona Beach, Florida
[2025-10-21T19:58:00.390+0000] {logging_mixin.py:188} INFO - Fetching: Fort Lauderdale, Florida
[2025-10-21T19:58:02.882+0000] {logging_mixin.py:188} INFO - Fetching: West Palm Beach, Florida
[2025-10-21T19:58:05.669+0000] {logging_mixin.py:188} INFO - Fetching: Naples, Florida
[2025-10-21T19:58:07.198+0000] {logging_mixin.py:188} INFO - Fetching: Fort Myers, Florida
[2025-10-21T19:58:09.499+0000] {logging_mixin.py:188} INFO - Fetching: Sarasota, Florida
[2025-10-21T19:58:11.886+0000] {logging_mixin.py:188} INFO - Fetching: Pensacola, Florida
[2025-10-21T19:58:14.099+0000] {logging_mixin.py:188} INFO - Fetching: Destin, Florida
[2025-10-21T19:58:16.499+0000] {logging_mixin.py:188} INFO - Fetching: Panama City Beach, Florida
[2025-10-21T19:58:17.988+0000] {logging_mixin.py:188} INFO - Fetching: St. Petersburg, Florida
[2025-10-21T19:58:20.376+0000] {logging_mixin.py:188} INFO - Fetching: Port St. Lucie, Florida
[2025-10-21T19:58:22.937+0000] {logging_mixin.py:188} INFO - Fetching: Detroit, Michigan
[2025-10-21T19:58:24.452+0000] {logging_mixin.py:188} INFO - Fetching: Lansing, Michigan
[2025-10-21T19:58:25.970+0000] {logging_mixin.py:188} INFO - Fetching: Flint, Michigan
[2025-10-21T19:58:28.529+0000] {logging_mixin.py:188} INFO - Fetching: Kalamazoo, Michigan
[2025-10-21T19:58:30.986+0000] {logging_mixin.py:188} INFO - Fetching: Battle Creek, Michigan
[2025-10-21T19:58:32.480+0000] {logging_mixin.py:188} INFO - Fetching: Muskegon, Michigan
[2025-10-21T19:58:35.147+0000] {logging_mixin.py:188} INFO - Fetching: Holland, Michigan
[2025-10-21T19:58:37.895+0000] {logging_mixin.py:188} INFO - Fetching: Marquette, Michigan
[2025-10-21T19:58:39.301+0000] {logging_mixin.py:188} INFO - Fetching: Petoskey, Michigan
[2025-10-21T19:58:41.038+0000] {logging_mixin.py:188} INFO - Fetching: Bay City, Michigan
[2025-10-21T19:58:43.326+0000] {logging_mixin.py:188} INFO - Fetching: Atlanta, Georgia
[2025-10-21T19:58:45.728+0000] {logging_mixin.py:188} INFO - Fetching: Augusta, Georgia
[2025-10-21T19:58:48.240+0000] {logging_mixin.py:188} INFO - Fetching: Savannah, Georgia
[2025-10-21T19:58:50.183+0000] {logging_mixin.py:188} INFO - Fetching: Macon, Georgia
[2025-10-21T19:58:51.957+0000] {logging_mixin.py:188} INFO - Fetching: Albany, Georgia
[2025-10-21T19:58:54.346+0000] {logging_mixin.py:188} INFO - Fetching: Valdosta, Georgia
[2025-10-21T19:58:56.616+0000] {logging_mixin.py:188} INFO - Fetching: Athens, Georgia
[2025-10-21T19:58:59.131+0000] {logging_mixin.py:188} INFO - Fetching: Marietta, Georgia
[2025-10-21T19:59:01.757+0000] {logging_mixin.py:188} INFO - Fetching: Roswell, Georgia
[2025-10-21T19:59:03.203+0000] {logging_mixin.py:188} INFO - Fetching: Dalton, Georgia
[2025-10-21T19:59:05.566+0000] {logging_mixin.py:188} INFO - Fetching: Charlotte, North Carolina
[2025-10-21T19:59:08.368+0000] {logging_mixin.py:188} INFO - Fetching: Raleigh, North Carolina
[2025-10-21T19:59:10.648+0000] {logging_mixin.py:188} INFO - Fetching: Durham, North Carolina
[2025-10-21T19:59:12.222+0000] {logging_mixin.py:188} INFO - Fetching: Greensboro, North Carolina
[2025-10-21T19:59:14.607+0000] {logging_mixin.py:188} INFO - Fetching: Asheville, North Carolina
[2025-10-21T19:59:16.791+0000] {logging_mixin.py:188} INFO - Fetching: Winston-Salem, North Carolina
[2025-10-21T19:59:18.938+0000] {logging_mixin.py:188} INFO - Fetching: Chapel Hill, North Carolina
[2025-10-21T19:59:20.453+0000] {logging_mixin.py:188} INFO - Fetching: Cary, North Carolina
[2025-10-21T19:59:22.755+0000] {logging_mixin.py:188} INFO - Fetching: Hickory, North Carolina
[2025-10-21T19:59:24.172+0000] {logging_mixin.py:188} INFO - Fetching: Fayetteville, North Carolina
[2025-10-21T19:59:25.561+0000] {logging_mixin.py:188} INFO - Fetching: Houston, Texas
[2025-10-21T19:59:27.923+0000] {logging_mixin.py:188} INFO - Fetching: Dallas, Texas
[2025-10-21T19:59:30.219+0000] {logging_mixin.py:188} INFO - Fetching: Fort Worth, Texas
[2025-10-21T19:59:32.516+0000] {logging_mixin.py:188} INFO - Fetching: El Paso, Texas
[2025-10-21T19:59:35.021+0000] {logging_mixin.py:188} INFO - Fetching: Lubbock, Texas
[2025-10-21T19:59:37.288+0000] {logging_mixin.py:188} INFO - Fetching: Corpus Christi, Texas
[2025-10-21T19:59:39.427+0000] {logging_mixin.py:188} INFO - Fetching: Amarillo, Texas
[2025-10-21T19:59:41.533+0000] {logging_mixin.py:188} INFO - Fetching: Waco, Texas
[2025-10-21T19:59:42.924+0000] {logging_mixin.py:188} INFO - Fetching: Plano, Texas
[2025-10-21T19:59:45.327+0000] {logging_mixin.py:188} INFO - Fetching: Denton, Texas
[2025-10-21T19:59:47.508+0000] {logging_mixin.py:188} INFO - Fetching: Nashville, Tennessee
[2025-10-21T19:59:49.049+0000] {logging_mixin.py:188} INFO - Fetching: Memphis, Tennessee
[2025-10-21T19:59:50.454+0000] {logging_mixin.py:188} INFO - Fetching: Knoxville, Tennessee
[2025-10-21T19:59:52.741+0000] {logging_mixin.py:188} INFO - Fetching: Chattanooga, Tennessee
[2025-10-21T19:59:54.935+0000] {logging_mixin.py:188} INFO - Fetching: Gatlinburg, Tennessee
[2025-10-21T19:59:56.401+0000] {logging_mixin.py:188} INFO - Fetching: Pigeon Forge, Tennessee
[2025-10-21T19:59:57.777+0000] {logging_mixin.py:188} INFO - Fetching: Franklin, Tennessee
[2025-10-21T20:00:00.209+0000] {logging_mixin.py:188} INFO - Fetching: Murfreesboro, Tennessee
[2025-10-21T20:00:02.662+0000] {logging_mixin.py:188} INFO - Fetching: Clarksville, Tennessee
[2025-10-21T20:00:04.049+0000] {logging_mixin.py:188} INFO - Fetching: Johnson City, Tennessee
[2025-10-21T20:00:06.444+0000] {logging_mixin.py:188} INFO - Fetching: Chicago, Illinois
[2025-10-21T20:00:08.843+0000] {logging_mixin.py:188} INFO - Fetching: Springfield, Illinois
[2025-10-21T20:00:10.241+0000] {logging_mixin.py:188} INFO - Fetching: Peoria, Illinois
[2025-10-21T20:00:11.757+0000] {logging_mixin.py:188} INFO - Fetching: Rockford, Illinois
[2025-10-21T20:00:14.369+0000] {logging_mixin.py:188} INFO - Fetching: Champaign, Illinois
[2025-10-21T20:00:16.669+0000] {logging_mixin.py:188} INFO - Fetching: Bloomington, Illinois
[2025-10-21T20:00:19.029+0000] {logging_mixin.py:188} INFO - Fetching: Naperville, Illinois
[2025-10-21T20:00:20.449+0000] {logging_mixin.py:188} INFO - Fetching: Aurora, Illinois
[2025-10-21T20:00:22.794+0000] {logging_mixin.py:188} INFO - Fetching: Decatur, Illinois
[2025-10-21T20:00:25.119+0000] {logging_mixin.py:188} INFO - Fetching: Joliet, Illinois
[2025-10-21T20:00:26.532+0000] {logging_mixin.py:188} INFO - Fetching: Phoenix, Arizona
[2025-10-21T20:00:28.906+0000] {logging_mixin.py:188} INFO - Fetching: Tucson, Arizona
[2025-10-21T20:00:31.386+0000] {logging_mixin.py:188} INFO - Fetching: Mesa, Arizona
[2025-10-21T20:00:33.650+0000] {logging_mixin.py:188} INFO - Fetching: Scottsdale, Arizona
[2025-10-21T20:00:35.487+0000] {logging_mixin.py:188} INFO - Fetching: Tempe, Arizona
[2025-10-21T20:00:37.221+0000] {logging_mixin.py:188} INFO - Fetching: Flagstaff, Arizona
[2025-10-21T20:00:39.552+0000] {logging_mixin.py:188} INFO - Fetching: Sedona, Arizona
[2025-10-21T20:00:41.045+0000] {logging_mixin.py:188} INFO - Fetching: Prescott, Arizona
[2025-10-21T20:00:42.542+0000] {logging_mixin.py:188} INFO - Fetching: Yuma, Arizona
[2025-10-21T20:00:44.908+0000] {logging_mixin.py:188} INFO - Fetching: Glendale, Arizona
[2025-10-21T20:00:46.359+0000] {logging_mixin.py:188} INFO - Fetching: Salt Lake City, Utah
[2025-10-21T20:00:48.580+0000] {logging_mixin.py:188} INFO - Fetching: Provo, Utah
[2025-10-21T20:00:51.311+0000] {logging_mixin.py:188} INFO - Fetching: Ogden, Utah
[2025-10-21T20:00:53.653+0000] {logging_mixin.py:188} INFO - Fetching: Park City, Utah
[2025-10-21T20:00:55.099+0000] {logging_mixin.py:188} INFO - Fetching: St. George, Utah
[2025-10-21T20:00:56.621+0000] {logging_mixin.py:188} INFO - Fetching: Logan, Utah
[2025-10-21T20:00:59.418+0000] {logging_mixin.py:188} INFO - Fetching: Orem, Utah
[2025-10-21T20:01:00.883+0000] {logging_mixin.py:188} INFO - Fetching: Moab, Utah
[2025-10-21T20:01:02.234+0000] {logging_mixin.py:188} INFO - Fetching: Sandy, Utah
[2025-10-21T20:01:04.655+0000] {logging_mixin.py:188} INFO - Fetching: Layton, Utah
[2025-10-21T20:01:07.328+0000] {logging_mixin.py:188} INFO - Fetching: Portland, Oregon
[2025-10-21T20:01:08.759+0000] {logging_mixin.py:188} INFO - Fetching: Eugene, Oregon
[2025-10-21T20:01:11.101+0000] {logging_mixin.py:188} INFO - Fetching: Salem, Oregon
[2025-10-21T20:01:14.472+0000] {logging_mixin.py:188} INFO - Fetching: Bend, Oregon
[2025-10-21T20:01:16.856+0000] {logging_mixin.py:188} INFO - Fetching: Medford, Oregon
[2025-10-21T20:01:19.165+0000] {logging_mixin.py:188} INFO - Fetching: Corvallis, Oregon
[2025-10-21T20:01:21.475+0000] {logging_mixin.py:188} INFO - Fetching: Ashland, Oregon
[2025-10-21T20:01:23.903+0000] {logging_mixin.py:188} INFO - Fetching: Hillsboro, Oregon
[2025-10-21T20:01:26.264+0000] {logging_mixin.py:188} INFO - Fetching: Gresham, Oregon
[2025-10-21T20:01:28.569+0000] {logging_mixin.py:188} INFO - Fetching: Beaverton, Oregon
[2025-10-21T20:01:29.966+0000] {logging_mixin.py:188} INFO - Fetching: Billings, Montana
[2025-10-21T20:01:32.307+0000] {logging_mixin.py:188} INFO - Fetching: Missoula, Montana
[2025-10-21T20:01:34.507+0000] {logging_mixin.py:188} INFO - Fetching: Bozeman, Montana
[2025-10-21T20:01:36.921+0000] {logging_mixin.py:188} INFO - Fetching: Helena, Montana
[2025-10-21T20:01:39.308+0000] {logging_mixin.py:188} INFO - Fetching: Great Falls, Montana
[2025-10-21T20:01:40.963+0000] {logging_mixin.py:188} INFO - Fetching: Kalispell, Montana
[2025-10-21T20:01:43.268+0000] {logging_mixin.py:188} INFO - Fetching: Butte, Montana
[2025-10-21T20:01:45.669+0000] {logging_mixin.py:188} INFO - Fetching: Whitefish, Montana
[2025-10-21T20:01:47.969+0000] {logging_mixin.py:188} INFO - Fetching: Livingston, Montana
[2025-10-21T20:01:49.396+0000] {logging_mixin.py:188} INFO - Fetching: Big Sky, Montana
[2025-10-21T20:01:51.770+0000] {logging_mixin.py:188} INFO - Fetching: Las Vegas, Nevada
[2025-10-21T20:01:54.020+0000] {logging_mixin.py:188} INFO - Fetching: Reno, Nevada
[2025-10-21T20:01:55.454+0000] {logging_mixin.py:188} INFO - Fetching: Carson City, Nevada
[2025-10-21T20:01:57.694+0000] {logging_mixin.py:188} INFO - Fetching: Henderson, Nevada
[2025-10-21T20:02:00.032+0000] {logging_mixin.py:188} INFO - Fetching: North Las Vegas, Nevada
[2025-10-21T20:02:03.138+0000] {logging_mixin.py:188} INFO - Fetching: Elko, Nevada
[2025-10-21T20:02:05.386+0000] {logging_mixin.py:188} INFO - Fetching: Mesquite, Nevada
[2025-10-21T20:02:06.818+0000] {logging_mixin.py:188} INFO - Fetching: Sparks, Nevada
[2025-10-21T20:02:10.155+0000] {logging_mixin.py:188} INFO - Fetching: Pahrump, Nevada
[2025-10-21T20:02:12.467+0000] {logging_mixin.py:188} INFO - Fetching: Boulder City, Nevada
[2025-10-21T20:02:14.966+0000] {logging_mixin.py:188} INFO - Fetching: Charleston, West Virginia
[2025-10-21T20:02:16.435+0000] {logging_mixin.py:188} INFO - Fetching: Morgantown, West Virginia
[2025-10-21T20:02:18.701+0000] {logging_mixin.py:188} INFO - Fetching: Huntington, West Virginia
[2025-10-21T20:02:20.913+0000] {logging_mixin.py:188} INFO - Fetching: Wheeling, West Virginia
[2025-10-21T20:02:22.326+0000] {logging_mixin.py:188} INFO - Fetching: Beckley, West Virginia
[2025-10-21T20:02:24.543+0000] {logging_mixin.py:188} INFO - Fetching: Fairmont, West Virginia
[2025-10-21T20:02:26.711+0000] {logging_mixin.py:188} INFO - Fetching: Parkersburg, West Virginia
[2025-10-21T20:02:28.100+0000] {logging_mixin.py:188} INFO - Fetching: Martinsburg, West Virginia
[2025-10-21T20:02:29.644+0000] {logging_mixin.py:188} INFO - Fetching: Bluefield, West Virginia
[2025-10-21T20:02:31.966+0000] {logging_mixin.py:188} INFO - Fetching: Clarksburg, West Virginia
[2025-10-21T20:02:33.421+0000] {logging_mixin.py:188} INFO - Fetching: Cheyenne, Wyoming
[2025-10-21T20:02:34.824+0000] {logging_mixin.py:188} INFO - Fetching: Casper, Wyoming
[2025-10-21T20:02:37.067+0000] {logging_mixin.py:188} INFO - Fetching: Jackson, Wyoming
[2025-10-21T20:02:38.490+0000] {logging_mixin.py:188} INFO - Fetching: Laramie, Wyoming
[2025-10-21T20:02:40.616+0000] {logging_mixin.py:188} INFO - Fetching: Rock Springs, Wyoming
[2025-10-21T20:02:42.833+0000] {logging_mixin.py:188} INFO - Fetching: Gillette, Wyoming
[2025-10-21T20:02:44.238+0000] {logging_mixin.py:188} INFO - Fetching: Sheridan, Wyoming
[2025-10-21T20:02:46.515+0000] {logging_mixin.py:188} INFO - Fetching: Cody, Wyoming
[2025-10-21T20:02:48.712+0000] {logging_mixin.py:188} INFO - Fetching: Riverton, Wyoming
[2025-10-21T20:02:50.949+0000] {logging_mixin.py:188} INFO - Fetching: Evanston, Wyoming
[2025-10-21T20:02:52.307+0000] {logging_mixin.py:188} INFO - Fetching: Sioux Falls, South Dakota
[2025-10-21T20:02:54.533+0000] {logging_mixin.py:188} INFO - Fetching: Rapid City, South Dakota
[2025-10-21T20:02:56.904+0000] {logging_mixin.py:188} INFO - Fetching: Brookings, South Dakota
[2025-10-21T20:02:59.152+0000] {logging_mixin.py:188} INFO - Fetching: Aberdeen, South Dakota
[2025-10-21T20:03:01.399+0000] {logging_mixin.py:188} INFO - Fetching: Watertown, South Dakota
[2025-10-21T20:03:03.829+0000] {logging_mixin.py:188} INFO - Fetching: Mitchell, South Dakota
[2025-10-21T20:03:05.198+0000] {logging_mixin.py:188} INFO - Fetching: Spearfish, South Dakota
[2025-10-21T20:03:07.489+0000] {logging_mixin.py:188} INFO - Fetching: Vermillion, South Dakota
[2025-10-21T20:03:09.805+0000] {logging_mixin.py:188} INFO - Fetching: Pierre, South Dakota
[2025-10-21T20:03:12.112+0000] {logging_mixin.py:188} INFO - Fetching: Huron, South Dakota
[2025-10-21T20:03:14.385+0000] {logging_mixin.py:188} INFO - Fetching: Fargo, North Dakota
[2025-10-21T20:03:16.649+0000] {logging_mixin.py:188} INFO - Fetching: Bismarck, North Dakota
[2025-10-21T20:03:18.099+0000] {logging_mixin.py:188} INFO - Fetching: Grand Forks, North Dakota
[2025-10-21T20:03:20.424+0000] {logging_mixin.py:188} INFO - Fetching: Minot, North Dakota
[2025-10-21T20:03:22.996+0000] {logging_mixin.py:188} INFO - Fetching: Dickinson, North Dakota
[2025-10-21T20:03:24.419+0000] {logging_mixin.py:188} INFO - Fetching: Williston, North Dakota
[2025-10-21T20:03:25.894+0000] {logging_mixin.py:188} INFO - Fetching: Wahpeton, North Dakota
[2025-10-21T20:03:28.180+0000] {logging_mixin.py:188} INFO - Fetching: Jamestown, North Dakota
[2025-10-21T20:03:30.424+0000] {logging_mixin.py:188} INFO - Fetching: West Fargo, North Dakota
[2025-10-21T20:03:32.648+0000] {logging_mixin.py:188} INFO - Fetching: Devils Lake, North Dakota
[2025-10-21T20:03:33.989+0000] {logging_mixin.py:188} INFO - Fetching: Charleston, South Carolina
[2025-10-21T20:03:36.337+0000] {logging_mixin.py:188} INFO - Fetching: Columbia, South Carolina
[2025-10-21T20:03:38.609+0000] {logging_mixin.py:188} INFO - Fetching: Greenville, South Carolina
[2025-10-21T20:03:40.838+0000] {logging_mixin.py:188} INFO - Fetching: Myrtle Beach, South Carolina
[2025-10-21T20:03:42.236+0000] {logging_mixin.py:188} INFO - Fetching: Spartanburg, South Carolina
[2025-10-21T20:03:44.413+0000] {logging_mixin.py:188} INFO - Fetching: Florence, South Carolina
[2025-10-21T20:03:48.980+0000] {logging_mixin.py:188} INFO - Fetching: Beaufort, South Carolina
[2025-10-21T20:03:50.437+0000] {logging_mixin.py:188} INFO - Fetching: Sumter, South Carolina
[2025-10-21T20:03:52.616+0000] {logging_mixin.py:188} INFO - Fetching: Rock Hill, South Carolina
[2025-10-21T20:03:54.804+0000] {logging_mixin.py:188} INFO - Fetching: Anderson, South Carolina
[2025-10-21T20:03:57.066+0000] {logging_mixin.py:188} INFO - Fetching: Albuquerque, New Mexico
[2025-10-21T20:03:58.509+0000] {logging_mixin.py:188} INFO - Fetching: Santa Fe, New Mexico
[2025-10-21T20:04:00.758+0000] {logging_mixin.py:188} INFO - Fetching: Las Cruces, New Mexico
[2025-10-21T20:04:03.170+0000] {logging_mixin.py:188} INFO - Fetching: Roswell, New Mexico
[2025-10-21T20:04:05.527+0000] {logging_mixin.py:188} INFO - Fetching: Farmington, New Mexico
[2025-10-21T20:04:06.907+0000] {logging_mixin.py:188} INFO - Fetching: Taos, New Mexico
[2025-10-21T20:04:09.058+0000] {logging_mixin.py:188} INFO - Fetching: Rio Rancho, New Mexico
[2025-10-21T20:04:11.584+0000] {logging_mixin.py:188} INFO - Fetching: Carlsbad, New Mexico
[2025-10-21T20:04:13.036+0000] {logging_mixin.py:188} INFO - Fetching: Gallup, New Mexico
[2025-10-21T20:04:28.576+0000] {logging_mixin.py:188} INFO - Fetching: Ruidoso, New Mexico
[2025-10-21T20:04:30.961+0000] {logging_mixin.py:188} INFO - Fetching: Philadelphia, Pennsylvania
[2025-10-21T20:04:32.397+0000] {logging_mixin.py:188} INFO - Fetching: Pittsburgh, Pennsylvania
[2025-10-21T20:04:34.699+0000] {logging_mixin.py:188} INFO - Fetching: Harrisburg, Pennsylvania
[2025-10-21T20:04:37.088+0000] {logging_mixin.py:188} INFO - Fetching: Allentown, Pennsylvania
[2025-10-21T20:04:39.807+0000] {logging_mixin.py:188} INFO - Fetching: Erie, Pennsylvania
[2025-10-21T20:04:41.413+0000] {logging_mixin.py:188} INFO - Fetching: Scranton, Pennsylvania
[2025-10-21T20:04:42.871+0000] {logging_mixin.py:188} INFO - Fetching: Lancaster, Pennsylvania
[2025-10-21T20:04:45.253+0000] {logging_mixin.py:188} INFO - Fetching: Bethlehem, Pennsylvania
[2025-10-21T20:04:47.701+0000] {logging_mixin.py:188} INFO - Fetching: York, Pennsylvania
[2025-10-21T20:05:13.129+0000] {logging_mixin.py:188} INFO - Fetching: State College, Pennsylvania
[2025-10-21T20:05:15.507+0000] {logging_mixin.py:188} INFO - Fetching: Oklahoma City, Oklahoma
[2025-10-21T20:05:17.884+0000] {logging_mixin.py:188} INFO - Fetching: Tulsa, Oklahoma
[2025-10-21T20:05:20.127+0000] {logging_mixin.py:188} INFO - Fetching: Norman, Oklahoma
[2025-10-21T20:05:22.670+0000] {logging_mixin.py:188} INFO - Fetching: Stillwater, Oklahoma
[2025-10-21T20:05:24.930+0000] {logging_mixin.py:188} INFO - Fetching: Edmond, Oklahoma
[2025-10-21T20:05:26.288+0000] {logging_mixin.py:188} INFO - Fetching: Lawton, Oklahoma
[2025-10-21T20:05:28.555+0000] {logging_mixin.py:188} INFO - Fetching: Broken Arrow, Oklahoma
[2025-10-21T20:05:31.165+0000] {logging_mixin.py:188} INFO - Fetching: Moore, Oklahoma
[2025-10-21T20:05:33.682+0000] {logging_mixin.py:188} INFO - Fetching: Enid, Oklahoma
[2025-10-21T20:05:36.152+0000] {logging_mixin.py:188} INFO - Fetching: Ardmore, Oklahoma
[2025-10-21T20:05:38.507+0000] {logging_mixin.py:188} INFO - Fetching: Newark, New Jersey
[2025-10-21T20:05:39.960+0000] {logging_mixin.py:188} INFO - Fetching: Jersey City, New Jersey
[2025-10-21T20:05:41.431+0000] {logging_mixin.py:188} INFO - Fetching: Atlantic City, New Jersey
[2025-10-21T20:05:43.717+0000] {logging_mixin.py:188} INFO - Fetching: Trenton, New Jersey
[2025-10-21T20:05:46.227+0000] {logging_mixin.py:188} INFO - Fetching: Paterson, New Jersey
[2025-10-21T20:05:48.542+0000] {logging_mixin.py:188} INFO - Fetching: Camden, New Jersey
[2025-10-21T20:05:50.015+0000] {logging_mixin.py:188} INFO - Fetching: Hoboken, New Jersey
[2025-10-21T20:05:52.297+0000] {logging_mixin.py:188} INFO - Fetching: Princeton, New Jersey
[2025-10-21T20:05:54.625+0000] {logging_mixin.py:188} INFO - Fetching: Middletown, New Jersey
[2025-10-21T20:05:56.201+0000] {logging_mixin.py:188} INFO - Fetching: Cherry Hill, New Jersey
[2025-10-21T20:05:58.447+0000] {logging_mixin.py:188} INFO - Fetching: Louisville, Kentucky
[2025-10-21T20:06:01.026+0000] {logging_mixin.py:188} INFO - Fetching: Lexington, Kentucky
[2025-10-21T20:06:02.474+0000] {logging_mixin.py:188} INFO - Fetching: Bowling Green, Kentucky
[2025-10-21T20:06:03.942+0000] {logging_mixin.py:188} INFO - Fetching: Owensboro, Kentucky
[2025-10-21T20:06:06.226+0000] {logging_mixin.py:188} INFO - Fetching: Frankfort, Kentucky
[2025-10-21T20:06:08.754+0000] {logging_mixin.py:188} INFO - Fetching: Paducah, Kentucky
[2025-10-21T20:06:11.775+0000] {logging_mixin.py:188} INFO - Fetching: Covington, Kentucky
[2025-10-21T20:06:14.239+0000] {logging_mixin.py:188} INFO - Fetching: Elizabethtown, Kentucky
[2025-10-21T20:06:16.935+0000] {logging_mixin.py:188} INFO - Fetching: Richmond, Kentucky
[2025-10-21T20:06:19.309+0000] {logging_mixin.py:188} INFO - Fetching: Hopkinsville, Kentucky
[2025-10-21T20:06:22.851+0000] {logging_mixin.py:188} INFO - Fetching: Wichita, Kansas
[2025-10-21T20:06:25.015+0000] {logging_mixin.py:188} INFO - Fetching: Topeka, Kansas
[2025-10-21T20:06:26.421+0000] {logging_mixin.py:188} INFO - Fetching: Kansas City, Kansas
[2025-10-21T20:06:30.109+0000] {logging_mixin.py:188} INFO - Fetching: Olathe, Kansas
[2025-10-21T20:06:32.449+0000] {logging_mixin.py:188} INFO - Fetching: Overland Park, Kansas
[2025-10-21T20:06:35.859+0000] {logging_mixin.py:188} INFO - Fetching: Lawrence, Kansas
[2025-10-21T20:06:38.814+0000] {logging_mixin.py:188} INFO - Fetching: Manhattan, Kansas
[2025-10-21T20:06:41.108+0000] {logging_mixin.py:188} INFO - Fetching: Hutchinson, Kansas
[2025-10-21T20:06:43.544+0000] {logging_mixin.py:188} INFO - Fetching: Salina, Kansas
[2025-10-21T20:06:45.900+0000] {logging_mixin.py:188} INFO - Fetching: Dodge City, Kansas
[2025-10-21T20:06:47.304+0000] {logging_mixin.py:188} INFO - Fetching: New Orleans, Louisiana
[2025-10-21T20:06:49.558+0000] {logging_mixin.py:188} INFO - Fetching: Baton Rouge, Louisiana
[2025-10-21T20:06:51.757+0000] {logging_mixin.py:188} INFO - Fetching: Shreveport, Louisiana
[2025-10-21T20:06:54.241+0000] {logging_mixin.py:188} INFO - Fetching: Lafayette, Louisiana
[2025-10-21T20:06:55.726+0000] {logging_mixin.py:188} INFO - Fetching: Lake Charles, Louisiana
[2025-10-21T20:06:58.074+0000] {logging_mixin.py:188} INFO - Fetching: Monroe, Louisiana
[2025-10-21T20:07:01.493+0000] {logging_mixin.py:188} INFO - Fetching: Alexandria, Louisiana
[2025-10-21T20:07:04.114+0000] {logging_mixin.py:188} INFO - Fetching: Hammond, Louisiana
[2025-10-21T20:07:06.467+0000] {logging_mixin.py:188} INFO - Fetching: Natchitoches, Louisiana
[2025-10-21T20:07:08.941+0000] {logging_mixin.py:188} INFO - Fetching: Slidell, Louisiana
[2025-10-21T20:07:10.376+0000] {logging_mixin.py:188} INFO - Fetching: Portland, Maine
[2025-10-21T20:07:11.759+0000] {logging_mixin.py:188} INFO - Fetching: Augusta, Maine
[2025-10-21T20:07:14.069+0000] {logging_mixin.py:188} INFO - Fetching: Bangor, Maine
[2025-10-21T20:07:15.497+0000] {logging_mixin.py:188} INFO - Fetching: Bar Harbor, Maine
[2025-10-21T20:07:17.773+0000] {logging_mixin.py:188} INFO - Fetching: Brunswick, Maine
[2025-10-21T20:07:20.306+0000] {logging_mixin.py:188} INFO - Fetching: Lewiston, Maine
[2025-10-21T20:07:22.707+0000] {logging_mixin.py:188} INFO - Fetching: Auburn, Maine
[2025-10-21T20:07:24.067+0000] {logging_mixin.py:188} INFO - Fetching: Rockland, Maine
[2025-10-21T20:07:25.500+0000] {logging_mixin.py:188} INFO - Fetching: Camden, Maine
[2025-10-21T20:07:27.725+0000] {logging_mixin.py:188} INFO - Fetching: Kennebunkport, Maine
[2025-10-21T20:07:30.021+0000] {logging_mixin.py:188} INFO - Fetching: Baltimore, Maryland
[2025-10-21T20:07:55.526+0000] {logging_mixin.py:188} INFO - Fetching: Annapolis, Maryland
[2025-10-21T20:07:57.877+0000] {logging_mixin.py:188} INFO - Fetching: Frederick, Maryland
[2025-10-21T20:08:00.150+0000] {logging_mixin.py:188} INFO - Fetching: Rockville, Maryland
[2025-10-21T20:08:02.452+0000] {logging_mixin.py:188} INFO - Fetching: Gaithersburg, Maryland
[2025-10-21T20:08:04.805+0000] {logging_mixin.py:188} INFO - Fetching: Silver Spring, Maryland
[2025-10-21T20:08:07.232+0000] {logging_mixin.py:188} INFO - Fetching: Ocean City, Maryland
[2025-10-21T20:08:09.436+0000] {logging_mixin.py:188} INFO - Fetching: Bethesda, Maryland
[2025-10-21T20:08:11.869+0000] {logging_mixin.py:188} INFO - Fetching: Hagerstown, Maryland
[2025-10-21T20:08:14.179+0000] {logging_mixin.py:188} INFO - Fetching: College Park, Maryland
[2025-10-21T20:08:16.516+0000] {logging_mixin.py:188} INFO - Fetching: Boston, Massachusetts
[2025-10-21T20:08:18.848+0000] {logging_mixin.py:188} INFO - Fetching: Worcester, Massachusetts
[2025-10-21T20:08:21.190+0000] {logging_mixin.py:188} INFO - Fetching: Springfield, Massachusetts
[2025-10-21T20:08:23.558+0000] {logging_mixin.py:188} INFO - Fetching: Cambridge, Massachusetts
[2025-10-21T20:08:26.188+0000] {logging_mixin.py:188} INFO - Fetching: Lowell, Massachusetts
[2025-10-21T20:08:28.493+0000] {logging_mixin.py:188} INFO - Fetching: Salem, Massachusetts
[2025-10-21T20:08:31.300+0000] {logging_mixin.py:188} INFO - Fetching: New Bedford, Massachusetts
[2025-10-21T20:08:33.599+0000] {logging_mixin.py:188} INFO - Fetching: Plymouth, Massachusetts
[2025-10-21T20:08:35.940+0000] {logging_mixin.py:188} INFO - Fetching: Gloucester, Massachusetts
[2025-10-21T20:08:38.166+0000] {logging_mixin.py:188} INFO - Fetching: Quincy, Massachusetts
[2025-10-21T20:08:40.537+0000] {logging_mixin.py:188} INFO - Fetching: Denver, Colorado
[2025-10-21T20:08:42.779+0000] {logging_mixin.py:188} INFO - Fetching: Colorado Springs, Colorado
[2025-10-21T20:08:45.129+0000] {logging_mixin.py:188} INFO - Fetching: Boulder, Colorado
[2025-10-21T20:08:47.632+0000] {logging_mixin.py:188} INFO - Fetching: Fort Collins, Colorado
[2025-10-21T20:08:49.851+0000] {logging_mixin.py:188} INFO - Fetching: Aspen, Colorado
[2025-10-21T20:09:07.497+0000] {logging_mixin.py:188} INFO - Fetching: Vail, Colorado
[2025-10-21T20:09:09.664+0000] {logging_mixin.py:188} INFO - Fetching: Breckenridge, Colorado
[2025-10-21T20:09:11.992+0000] {logging_mixin.py:188} INFO - Fetching: Durango, Colorado
[2025-10-21T20:09:14.182+0000] {logging_mixin.py:188} INFO - Fetching: Grand Junction, Colorado
[2025-10-21T20:09:16.573+0000] {logging_mixin.py:188} INFO - Fetching: Pueblo, Colorado
[2025-10-21T20:09:18.891+0000] {logging_mixin.py:188} INFO - Fetching: Anchorage, Alaska
[2025-10-21T20:09:21.041+0000] {logging_mixin.py:188} INFO - Fetching: Juneau, Alaska
[2025-10-21T20:09:23.258+0000] {logging_mixin.py:188} INFO - Fetching: Fairbanks, Alaska
[2025-10-21T20:09:25.446+0000] {logging_mixin.py:188} INFO - Fetching: Seward, Alaska
[2025-10-21T20:09:27.558+0000] {logging_mixin.py:188} INFO - Fetching: Sitka, Alaska
[2025-10-21T20:09:29.632+0000] {logging_mixin.py:188} INFO - Fetching: Ketchikan, Alaska
[2025-10-21T20:09:31.830+0000] {logging_mixin.py:188} INFO - Fetching: Homer, Alaska
[2025-10-21T20:09:33.973+0000] {logging_mixin.py:188} INFO - Fetching: Palmer, Alaska
[2025-10-21T20:09:37.970+0000] {logging_mixin.py:188} INFO - Fetching: Wasilla, Alaska
[2025-10-21T20:09:40.144+0000] {logging_mixin.py:188} INFO - Fetching: Kenai, Alaska
[2025-10-21T20:09:42.895+0000] {logging_mixin.py:188} INFO - Fetching: Birmingham, Alabama
[2025-10-21T20:09:45.141+0000] {logging_mixin.py:188} INFO - Fetching: Montgomery, Alabama
[2025-10-21T20:09:47.442+0000] {logging_mixin.py:188} INFO - Fetching: Mobile, Alabama
[2025-10-21T20:09:49.782+0000] {logging_mixin.py:188} INFO - Fetching: Huntsville, Alabama
[2025-10-21T20:09:52.230+0000] {logging_mixin.py:188} INFO - Fetching: Tuscaloosa, Alabama
[2025-10-21T20:09:54.435+0000] {logging_mixin.py:188} INFO - Fetching: Auburn, Alabama
[2025-10-21T20:09:57.240+0000] {logging_mixin.py:188} INFO - Fetching: Florence, Alabama
[2025-10-21T20:09:59.706+0000] {logging_mixin.py:188} INFO - Fetching: Gulf Shores, Alabama
[2025-10-21T20:10:02.043+0000] {logging_mixin.py:188} INFO - Fetching: Hoover, Alabama
[2025-10-21T20:10:04.525+0000] {logging_mixin.py:188} INFO - Fetching: Dothan, Alabama
[2025-10-21T20:10:06.843+0000] {logging_mixin.py:188} INFO - Fetching: Little Rock, Arkansas
[2025-10-21T20:10:09.705+0000] {logging_mixin.py:188} INFO - Fetching: Fayetteville, Arkansas
[2025-10-21T20:10:12.584+0000] {logging_mixin.py:188} INFO - Fetching: Bentonville, Arkansas
[2025-10-21T20:10:14.831+0000] {logging_mixin.py:188} INFO - Fetching: Hot Springs, Arkansas
[2025-10-21T20:10:17.089+0000] {logging_mixin.py:188} INFO - Fetching: Fort Smith, Arkansas
[2025-10-21T20:10:19.377+0000] {logging_mixin.py:188} INFO - Fetching: Jonesboro, Arkansas
[2025-10-21T20:10:22.023+0000] {logging_mixin.py:188} INFO - Fetching: Conway, Arkansas
[2025-10-21T20:10:24.397+0000] {logging_mixin.py:188} INFO - Fetching: Springdale, Arkansas
[2025-10-21T20:10:27.012+0000] {logging_mixin.py:188} INFO - Fetching: Pine Bluff, Arkansas
[2025-10-21T20:10:29.884+0000] {logging_mixin.py:188} INFO - Fetching: Rogers, Arkansas
[2025-10-21T20:10:32.160+0000] {logging_mixin.py:188} INFO - Fetching: Manchester, New Hampshire
[2025-10-21T20:10:34.541+0000] {logging_mixin.py:188} INFO - Fetching: Nashua, New Hampshire
[2025-10-21T20:10:37.246+0000] {logging_mixin.py:188} INFO - Fetching: Concord, New Hampshire
[2025-10-21T20:10:39.618+0000] {logging_mixin.py:188} INFO - Fetching: Portsmouth, New Hampshire
[2025-10-21T20:10:42.777+0000] {logging_mixin.py:188} INFO - Fetching: Dover, New Hampshire
[2025-10-21T20:10:45.064+0000] {logging_mixin.py:188} INFO - Fetching: Keene, New Hampshire
[2025-10-21T20:10:47.307+0000] {logging_mixin.py:188} INFO - Fetching: Hanover, New Hampshire
[2025-10-21T20:10:49.576+0000] {logging_mixin.py:188} INFO - Fetching: Lebanon, New Hampshire
[2025-10-21T20:10:51.857+0000] {logging_mixin.py:188} INFO - Fetching: Exeter, New Hampshire
[2025-10-21T20:10:54.189+0000] {logging_mixin.py:188} INFO - Fetching: Claremont, New Hampshire
[2025-10-21T20:10:56.462+0000] {logging_mixin.py:188} INFO - Fetching: Milwaukee, Wisconsin
[2025-10-21T20:10:58.674+0000] {logging_mixin.py:188} INFO - Fetching: Madison, Wisconsin
[2025-10-21T20:11:02.857+0000] {logging_mixin.py:188} INFO - Fetching: Green Bay, Wisconsin
[2025-10-21T20:11:05.026+0000] {logging_mixin.py:188} INFO - Fetching: Kenosha, Wisconsin
[2025-10-21T20:11:07.519+0000] {logging_mixin.py:188} INFO - Fetching: Racine, Wisconsin
[2025-10-21T20:11:10.155+0000] {logging_mixin.py:188} INFO - Fetching: Appleton, Wisconsin
[2025-10-21T20:11:12.468+0000] {logging_mixin.py:188} INFO - Fetching: Eau Claire, Wisconsin
[2025-10-21T20:11:14.758+0000] {logging_mixin.py:188} INFO - Fetching: Janesville, Wisconsin
[2025-10-21T20:11:17.112+0000] {logging_mixin.py:188} INFO - Fetching: La Crosse, Wisconsin
[2025-10-21T20:11:19.358+0000] {logging_mixin.py:188} INFO - Fetching: Oshkosh, Wisconsin
[2025-10-21T20:11:21.592+0000] {python.py:237} INFO - Done. Returned value was: None
[2025-10-21T20:11:21.643+0000] {taskinstance.py:441} INFO - ::group::Post task execution logs
[2025-10-21T20:11:22.051+0000] {taskinstance.py:1206} INFO - Marking task as SUCCESS. dag_id=airbnb_etl_pipeline, task_id=extract_airbnb_forsale, run_id=manual__2025-10-21T19:57:05.716903+00:00, execution_date=20251021T195705, start_date=20251021T195707, end_date=20251021T201122
[2025-10-21T20:11:22.341+0000] {local_task_job_runner.py:240} INFO - Task exited with return code 0
[2025-10-21T20:11:22.646+0000] {taskinstance.py:3503} INFO - 1 downstream tasks scheduled from follow-on schedule check
[2025-10-21T20:11:22.654+0000] {local_task_job_runner.py:222} INFO - ::endgroup::
